<?xml version="1.0" encoding="UTF-8"?>
<coverage generated="1537346615745" clover="3.2.0">
  <project timestamp="1537346615745" name="All files">
    <metrics statements="10" coveredstatements="10" conditionals="2" coveredconditionals="1" methods="2" coveredmethods="2" elements="14" coveredelements="13" complexity="0" loc="10" ncloc="10" packages="1" files="1" classes="1">
      <file name="Factory.js" path="/Users/karlmarxlopez/codes/react-native/react_native_ez_theme/src/Factory/Factory.js">
        <metrics statements="10" coveredstatements="10" conditionals="2" coveredconditionals="1" methods="2" coveredmethods="2"/>
        <line num="1" count="1" type="stmt"/>
        <line num="2" count="1" type="stmt"/>
        <line num="10" count="2" type="stmt"/>
        <line num="12" count="2" type="stmt"/>
        <line num="18" count="2" type="stmt"/>
        <line num="19" count="2" type="stmt"/>
        <line num="22" count="2" type="cond" truecount="1" falsecount="1"/>
        <line num="26" count="2" type="stmt"/>
        <line num="29" count="2" type="stmt"/>
        <line num="35" count="1" type="stmt"/>
      </file>
    </metrics>
  </project>
</coverage>
