{"/Users/karlmarxlopez/codes/react-native/react_native_ez_theme/src/Factory/Factory.js": {"path":"/Users/karlmarxlopez/codes/react-native/react_native_ez_theme/src/Factory/Factory.js","statementMap":{"0":{"start":{"line":1,"column":13},"end":{"line":1,"column":75}},"1":{"start":{"line":1,"column":75},"end":{"line":1,"column":100}},"2":{"start":{"line":2,"column":12},"end":{"line":2,"column":65}},"3":{"start":{"line":2,"column":85},"end":{"line":2,"column":171}},"4":{"start":{"line":10,"column":2},"end":{"line":10,"column":34}},"5":{"start":{"line":10,"column":46},"end":{"line":10,"column":75}},"6":{"start":{"line":10,"column":87},"end":{"line":10,"column":116}},"7":{"start":{"line":12,"column":22},"end":{"line":27,"column":3}},"8":{"start":{"line":18,"column":15},"end":{"line":18,"column":25}},"9":{"start":{"line":18,"column":37},"end":{"line":18,"column":50}},"10":{"start":{"line":19,"column":20},"end":{"line":19,"column":36}},"11":{"start":{"line":22,"column":4},"end":{"line":24,"column":43}},"12":{"start":{"line":26,"column":4},"end":{"line":26,"column":131}},"13":{"start":{"line":29,"column":2},"end":{"line":31,"column":32}},"14":{"start":{"line":35,"column":0},"end":{"line":35,"column":7}},"15":{"start":{"line":35,"column":8},"end":{"line":35,"column":35}}},"fnMap":{"0":{"name":"Factory","decl":{"start":{"line":4,"column":9},"end":{"line":4,"column":16}},"loc":{"start":{"line":9,"column":0},"end":{"line":33,"column":1}},"line":9},"1":{"name":"ThemeProvider","decl":{"start":{"line":12,"column":31},"end":{"line":12,"column":44}},"loc":{"start":{"line":18,"column":2},"end":{"line":27,"column":3}},"line":18}},"branchMap":{"0":{"loc":{"start":{"line":22,"column":4},"end":{"line":24,"column":43}},"type":"cond-expr","locations":[{"start":{"line":23,"column":4},"end":{"line":23,"column":29}},{"start":{"line":24,"column":4},"end":{"line":24,"column":43}}],"line":22}},"s":{"0":1,"1":1,"2":1,"3":1,"4":2,"5":2,"6":2,"7":2,"8":2,"9":2,"10":2,"11":2,"12":2,"13":2,"14":1,"15":1},"f":{"0":2,"1":2},"b":{"0":[0,2]},"_coverageSchema":"332fd63041d2c1bcb487cc26dd0d5f7d97098a6c","hash":"08cbe836f6033ed9d1a4dbbcca46bc68e565dab2"}
}
