{"/Users/karlmarxlopez/codes/react-native/react_native_ez_theme/coverage/lcov-report/prettify.js": {"path":"/Users/karlmarxlopez/codes/react-native/react_native_ez_theme/coverage/lcov-report/prettify.js","statementMap":{"0":{"start":{"line":1,"column":0},"end":{"line":1,"column":41}},"1":{"start":{"line":1,"column":41},"end":{"line":1,"column":17722}},"2":{"start":{"line":1,"column":63},"end":{"line":1,"column":109}},"3":{"start":{"line":1,"column":118},"end":{"line":1,"column":279}},"4":{"start":{"line":1,"column":288},"end":{"line":1,"column":391}},"5":{"start":{"line":1,"column":400},"end":{"line":1,"column":659}},"6":{"start":{"line":1,"column":668},"end":{"line":1,"column":812}},"7":{"start":{"line":1,"column":821},"end":{"line":1,"column":1090}},"8":{"start":{"line":1,"column":1099},"end":{"line":1,"column":1257}},"9":{"start":{"line":1,"column":1266},"end":{"line":1,"column":1347}},"10":{"start":{"line":1,"column":1356},"end":{"line":1,"column":1532}},"11":{"start":{"line":1,"column":1541},"end":{"line":1,"column":1696}},"12":{"start":{"line":1,"column":1705},"end":{"line":1,"column":1878}},"13":{"start":{"line":1,"column":1887},"end":{"line":1,"column":1954}},"14":{"start":{"line":1,"column":1963},"end":{"line":1,"column":1985}},"15":{"start":{"line":1,"column":1994},"end":{"line":1,"column":2106}},"16":{"start":{"line":1,"column":2115},"end":{"line":1,"column":2120}},"17":{"start":{"line":1,"column":2129},"end":{"line":1,"column":2134}},"18":{"start":{"line":1,"column":2143},"end":{"line":1,"column":2148}},"19":{"start":{"line":1,"column":2157},"end":{"line":1,"column":2162}},"20":{"start":{"line":1,"column":2171},"end":{"line":1,"column":2176}},"21":{"start":{"line":1,"column":2185},"end":{"line":1,"column":2190}},"22":{"start":{"line":1,"column":2199},"end":{"line":1,"column":2204}},"23":{"start":{"line":1,"column":2213},"end":{"line":1,"column":2218}},"24":{"start":{"line":1,"column":2227},"end":{"line":1,"column":2232}},"25":{"start":{"line":1,"column":2241},"end":{"line":1,"column":2246}},"26":{"start":{"line":1,"column":2255},"end":{"line":1,"column":2260}},"27":{"start":{"line":1,"column":2269},"end":{"line":1,"column":2274}},"28":{"start":{"line":1,"column":2283},"end":{"line":1,"column":2291}},"29":{"start":{"line":1,"column":2300},"end":{"line":1,"column":2599}},"30":{"start":{"line":1,"column":2624},"end":{"line":1,"column":2625}},"31":{"start":{"line":1,"column":2634},"end":{"line":1,"column":2639}},"32":{"start":{"line":1,"column":2649},"end":{"line":1,"column":2654}},"33":{"start":{"line":1,"column":2655},"end":{"line":1,"column":2865}},"34":{"start":{"line":1,"column":2707},"end":{"line":1,"column":2711}},"35":{"start":{"line":1,"column":2712},"end":{"line":1,"column":2864}},"36":{"start":{"line":1,"column":2732},"end":{"line":1,"column":2742}},"37":{"start":{"line":1,"column":2750},"end":{"line":1,"column":2863}},"38":{"start":{"line":1,"column":2836},"end":{"line":1,"column":2845}},"39":{"start":{"line":1,"column":2845},"end":{"line":1,"column":2856}},"40":{"start":{"line":1,"column":2856},"end":{"line":1,"column":2862}},"41":{"start":{"line":1,"column":2873},"end":{"line":1,"column":2915}},"42":{"start":{"line":1,"column":2942},"end":{"line":1,"column":2958}},"43":{"start":{"line":1,"column":2959},"end":{"line":1,"column":2986}},"44":{"start":{"line":1,"column":2975},"end":{"line":1,"column":2985}},"45":{"start":{"line":1,"column":2995},"end":{"line":1,"column":3007}},"46":{"start":{"line":1,"column":3008},"end":{"line":1,"column":3019}},"47":{"start":{"line":1,"column":3019},"end":{"line":1,"column":3222}},"48":{"start":{"line":1,"column":3028},"end":{"line":1,"column":3038}},"49":{"start":{"line":1,"column":3046},"end":{"line":1,"column":3221}},"50":{"start":{"line":1,"column":3075},"end":{"line":1,"column":3111}},"51":{"start":{"line":1,"column":3119},"end":{"line":1,"column":3220}},"52":{"start":{"line":1,"column":3150},"end":{"line":1,"column":3187}},"53":{"start":{"line":1,"column":3195},"end":{"line":1,"column":3219}},"54":{"start":{"line":1,"column":3239},"end":{"line":1,"column":3306}},"55":{"start":{"line":1,"column":3253},"end":{"line":1,"column":3305}},"56":{"start":{"line":1,"column":3315},"end":{"line":1,"column":3338}},"57":{"start":{"line":1,"column":3339},"end":{"line":1,"column":3415}},"58":{"start":{"line":1,"column":3399},"end":{"line":1,"column":3414}},"59":{"start":{"line":1,"column":3415},"end":{"line":1,"column":3425}},"60":{"start":{"line":1,"column":3451},"end":{"line":1,"column":3606}},"61":{"start":{"line":1,"column":3616},"end":{"line":1,"column":3618}},"62":{"start":{"line":1,"column":3628},"end":{"line":1,"column":3630}},"63":{"start":{"line":1,"column":3640},"end":{"line":1,"column":3653}},"64":{"start":{"line":1,"column":3654},"end":{"line":1,"column":4107}},"65":{"start":{"line":1,"column":3721},"end":{"line":1,"column":3727}},"66":{"start":{"line":1,"column":3728},"end":{"line":1,"column":4106}},"67":{"start":{"line":1,"column":3755},"end":{"line":1,"column":3767}},"68":{"start":{"line":1,"column":3784},"end":{"line":1,"column":3790}},"69":{"start":{"line":1,"column":3798},"end":{"line":1,"column":3883}},"70":{"start":{"line":1,"column":3838},"end":{"line":1,"column":3858}},"71":{"start":{"line":1,"column":3858},"end":{"line":1,"column":3866}},"72":{"start":{"line":1,"column":3874},"end":{"line":1,"column":3882}},"73":{"start":{"line":1,"column":3883},"end":{"line":1,"column":3901}},"74":{"start":{"line":1,"column":3901},"end":{"line":1,"column":4105}},"75":{"start":{"line":1,"column":3930},"end":{"line":1,"column":4015}},"76":{"start":{"line":1,"column":3958},"end":{"line":1,"column":4014}},"77":{"start":{"line":1,"column":4015},"end":{"line":1,"column":4104}},"78":{"start":{"line":1,"column":4044},"end":{"line":1,"column":4103}},"79":{"start":{"line":1,"column":4107},"end":{"line":1,"column":4175}},"80":{"start":{"line":1,"column":4134},"end":{"line":1,"column":4172}},"81":{"start":{"line":1,"column":4184},"end":{"line":1,"column":4186}},"82":{"start":{"line":1,"column":4196},"end":{"line":1,"column":4206}},"83":{"start":{"line":1,"column":4207},"end":{"line":1,"column":4346}},"84":{"start":{"line":1,"column":4256},"end":{"line":1,"column":4262}},"85":{"start":{"line":1,"column":4263},"end":{"line":1,"column":4345}},"86":{"start":{"line":1,"column":4288},"end":{"line":1,"column":4319}},"87":{"start":{"line":1,"column":4327},"end":{"line":1,"column":4344}},"88":{"start":{"line":1,"column":4355},"end":{"line":1,"column":4360}},"89":{"start":{"line":1,"column":4361},"end":{"line":1,"column":4384}},"90":{"start":{"line":1,"column":4370},"end":{"line":1,"column":4383}},"91":{"start":{"line":1,"column":4384},"end":{"line":1,"column":4406}},"92":{"start":{"line":1,"column":4406},"end":{"line":1,"column":4558}},"93":{"start":{"line":1,"column":4455},"end":{"line":1,"column":4461}},"94":{"start":{"line":1,"column":4462},"end":{"line":1,"column":4480}},"95":{"start":{"line":1,"column":4480},"end":{"line":1,"column":4557}},"96":{"start":{"line":1,"column":4500},"end":{"line":1,"column":4538}},"97":{"start":{"line":1,"column":4524},"end":{"line":1,"column":4537}},"98":{"start":{"line":1,"column":4538},"end":{"line":1,"column":4556}},"99":{"start":{"line":1,"column":4558},"end":{"line":1,"column":4571}},"100":{"start":{"line":1,"column":4571},"end":{"line":1,"column":4590}},"101":{"start":{"line":1,"column":4616},"end":{"line":1,"column":4805}},"102":{"start":{"line":1,"column":4815},"end":{"line":1,"column":4824}},"103":{"start":{"line":1,"column":4834},"end":{"line":1,"column":4836}},"104":{"start":{"line":1,"column":4837},"end":{"line":1,"column":5015}},"105":{"start":{"line":1,"column":4887},"end":{"line":1,"column":4893}},"106":{"start":{"line":1,"column":4894},"end":{"line":1,"column":5014}},"107":{"start":{"line":1,"column":4911},"end":{"line":1,"column":4916}},"108":{"start":{"line":1,"column":4924},"end":{"line":1,"column":5013}},"109":{"start":{"line":1,"column":4961},"end":{"line":1,"column":4977}},"110":{"start":{"line":1,"column":4978},"end":{"line":1,"column":5012}},"111":{"start":{"line":1,"column":4999},"end":{"line":1,"column":5011}},"112":{"start":{"line":1,"column":5015},"end":{"line":1,"column":5091}},"113":{"start":{"line":1,"column":5055},"end":{"line":1,"column":5090}},"114":{"start":{"line":1,"column":5075},"end":{"line":1,"column":5089}},"115":{"start":{"line":1,"column":5091},"end":{"line":1,"column":5323}},"116":{"start":{"line":1,"column":5141},"end":{"line":1,"column":5147}},"117":{"start":{"line":1,"column":5148},"end":{"line":1,"column":5322}},"118":{"start":{"line":1,"column":5165},"end":{"line":1,"column":5170}},"119":{"start":{"line":1,"column":5170},"end":{"line":1,"column":5213}},"120":{"start":{"line":1,"column":5197},"end":{"line":1,"column":5212}},"121":{"start":{"line":1,"column":5221},"end":{"line":1,"column":5321}},"122":{"start":{"line":1,"column":5258},"end":{"line":1,"column":5274}},"123":{"start":{"line":1,"column":5275},"end":{"line":1,"column":5320}},"124":{"start":{"line":1,"column":5296},"end":{"line":1,"column":5319}},"125":{"start":{"line":1,"column":5323},"end":{"line":1,"column":5421}},"126":{"start":{"line":1,"column":5364},"end":{"line":1,"column":5420}},"127":{"start":{"line":1,"column":5407},"end":{"line":1,"column":5419}},"128":{"start":{"line":1,"column":5421},"end":{"line":1,"column":5732}},"129":{"start":{"line":1,"column":5446},"end":{"line":1,"column":5731}},"130":{"start":{"line":1,"column":5488},"end":{"line":1,"column":5494}},"131":{"start":{"line":1,"column":5504},"end":{"line":1,"column":5516}},"132":{"start":{"line":1,"column":5517},"end":{"line":1,"column":5730}},"133":{"start":{"line":1,"column":5552},"end":{"line":1,"column":5567}},"134":{"start":{"line":1,"column":5575},"end":{"line":1,"column":5729}},"135":{"start":{"line":1,"column":5593},"end":{"line":1,"column":5728}},"136":{"start":{"line":1,"column":5650},"end":{"line":1,"column":5666}},"137":{"start":{"line":1,"column":5667},"end":{"line":1,"column":5725}},"138":{"start":{"line":1,"column":5732},"end":{"line":1,"column":5751}},"139":{"start":{"line":1,"column":5761},"end":{"line":1,"column":5763}},"140":{"start":{"line":1,"column":5764},"end":{"line":1,"column":5909}},"141":{"start":{"line":1,"column":5816},"end":{"line":1,"column":5820}},"142":{"start":{"line":1,"column":5821},"end":{"line":1,"column":5879}},"143":{"start":{"line":1,"column":5853},"end":{"line":1,"column":5878}},"144":{"start":{"line":1,"column":5879},"end":{"line":1,"column":5908}},"145":{"start":{"line":1,"column":5909},"end":{"line":1,"column":5958}},"146":{"start":{"line":1,"column":5982},"end":{"line":1,"column":6006}},"147":{"start":{"line":1,"column":6015},"end":{"line":1,"column":6017}},"148":{"start":{"line":1,"column":6026},"end":{"line":1,"column":6027}},"149":{"start":{"line":1,"column":6036},"end":{"line":1,"column":6038}},"150":{"start":{"line":1,"column":6047},"end":{"line":1,"column":6048}},"151":{"start":{"line":1,"column":6055},"end":{"line":1,"column":6229}},"152":{"start":{"line":1,"column":6076},"end":{"line":1,"column":6106}},"153":{"start":{"line":1,"column":6114},"end":{"line":1,"column":6228}},"154":{"start":{"line":1,"column":6144},"end":{"line":1,"column":6227}},"155":{"start":{"line":1,"column":6237},"end":{"line":1,"column":6269}},"156":{"start":{"line":1,"column":6287},"end":{"line":1,"column":6730}},"157":{"start":{"line":1,"column":6316},"end":{"line":1,"column":6351}},"158":{"start":{"line":1,"column":6343},"end":{"line":1,"column":6350}},"159":{"start":{"line":1,"column":6351},"end":{"line":1,"column":6414}},"160":{"start":{"line":1,"column":6406},"end":{"line":1,"column":6413}},"161":{"start":{"line":1,"column":6423},"end":{"line":1,"column":6434}},"162":{"start":{"line":1,"column":6435},"end":{"line":1,"column":6518}},"163":{"start":{"line":1,"column":6468},"end":{"line":1,"column":6480}},"164":{"start":{"line":1,"column":6480},"end":{"line":1,"column":6496}},"165":{"start":{"line":1,"column":6496},"end":{"line":1,"column":6517}},"166":{"start":{"line":1,"column":6518},"end":{"line":1,"column":6524}},"167":{"start":{"line":1,"column":6547},"end":{"line":1,"column":6559}},"168":{"start":{"line":1,"column":6560},"end":{"line":1,"column":6723}},"169":{"start":{"line":1,"column":6576},"end":{"line":1,"column":6662}},"170":{"start":{"line":1,"column":6585},"end":{"line":1,"column":6621}},"171":{"start":{"line":1,"column":6629},"end":{"line":1,"column":6661}},"172":{"start":{"line":1,"column":6662},"end":{"line":1,"column":6672}},"173":{"start":{"line":1,"column":6672},"end":{"line":1,"column":6686}},"174":{"start":{"line":1,"column":6686},"end":{"line":1,"column":6701}},"175":{"start":{"line":1,"column":6701},"end":{"line":1,"column":6722}},"176":{"start":{"line":1,"column":6723},"end":{"line":1,"column":6729}},"177":{"start":{"line":1,"column":6731},"end":{"line":1,"column":6737}},"178":{"start":{"line":1,"column":6737},"end":{"line":1,"column":6800}},"179":{"start":{"line":1,"column":6825},"end":{"line":1,"column":6842}},"180":{"start":{"line":1,"column":6834},"end":{"line":1,"column":6841}},"181":{"start":{"line":1,"column":6850},"end":{"line":1,"column":6879}},"182":{"start":{"line":1,"column":6880},"end":{"line":1,"column":6885}},"183":{"start":{"line":1,"column":6885},"end":{"line":1,"column":6916}},"184":{"start":{"line":1,"column":6925},"end":{"line":1,"column":6929}},"185":{"start":{"line":1,"column":6953},"end":{"line":1,"column":6962}},"186":{"start":{"line":1,"column":6963},"end":{"line":1,"column":7101}},"187":{"start":{"line":1,"column":7021},"end":{"line":1,"column":7031}},"188":{"start":{"line":1,"column":7032},"end":{"line":1,"column":7100}},"189":{"start":{"line":1,"column":7101},"end":{"line":1,"column":7132}},"190":{"start":{"line":1,"column":7159},"end":{"line":1,"column":7161}},"191":{"start":{"line":1,"column":7168},"end":{"line":1,"column":7499}},"192":{"start":{"line":1,"column":7191},"end":{"line":1,"column":7202}},"193":{"start":{"line":1,"column":7212},"end":{"line":1,"column":7214}},"194":{"start":{"line":1,"column":7224},"end":{"line":1,"column":7226}},"195":{"start":{"line":1,"column":7227},"end":{"line":1,"column":7461}},"196":{"start":{"line":1,"column":7282},"end":{"line":1,"column":7288}},"197":{"start":{"line":1,"column":7298},"end":{"line":1,"column":7302}},"198":{"start":{"line":1,"column":7303},"end":{"line":1,"column":7373}},"199":{"start":{"line":1,"column":7312},"end":{"line":1,"column":7372}},"200":{"start":{"line":1,"column":7350},"end":{"line":1,"column":7371}},"201":{"start":{"line":1,"column":7382},"end":{"line":1,"column":7386}},"202":{"start":{"line":1,"column":7396},"end":{"line":1,"column":7403}},"203":{"start":{"line":1,"column":7404},"end":{"line":1,"column":7460}},"204":{"start":{"line":1,"column":7433},"end":{"line":1,"column":7445}},"205":{"start":{"line":1,"column":7445},"end":{"line":1,"column":7459}},"206":{"start":{"line":1,"column":7461},"end":{"line":1,"column":7484}},"207":{"start":{"line":1,"column":7484},"end":{"line":1,"column":7494}},"208":{"start":{"line":1,"column":7507},"end":{"line":1,"column":7515}},"209":{"start":{"line":1,"column":7524},"end":{"line":1,"column":8475}},"210":{"start":{"line":1,"column":7548},"end":{"line":1,"column":7561}},"211":{"start":{"line":1,"column":7566},"end":{"line":1,"column":7576}},"212":{"start":{"line":1,"column":7586},"end":{"line":1,"column":7592}},"213":{"start":{"line":1,"column":7602},"end":{"line":1,"column":7603}},"214":{"start":{"line":1,"column":7613},"end":{"line":1,"column":7629}},"215":{"start":{"line":1,"column":7639},"end":{"line":1,"column":7641}},"216":{"start":{"line":1,"column":7642},"end":{"line":1,"column":8454}},"217":{"start":{"line":1,"column":7700},"end":{"line":1,"column":7706}},"218":{"start":{"line":1,"column":7716},"end":{"line":1,"column":7722}},"219":{"start":{"line":1,"column":7732},"end":{"line":1,"column":7738}},"220":{"start":{"line":1,"column":7746},"end":{"line":1,"column":8123}},"221":{"start":{"line":1,"column":7775},"end":{"line":1,"column":7786}},"222":{"start":{"line":1,"column":7803},"end":{"line":1,"column":7818}},"223":{"start":{"line":1,"column":7819},"end":{"line":1,"column":7979}},"224":{"start":{"line":1,"column":7828},"end":{"line":1,"column":7849}},"225":{"start":{"line":1,"column":7849},"end":{"line":1,"column":7860}},"226":{"start":{"line":1,"column":7868},"end":{"line":1,"column":7960}},"227":{"start":{"line":1,"column":7900},"end":{"line":1,"column":7911}},"228":{"start":{"line":1,"column":7911},"end":{"line":1,"column":7932}},"229":{"start":{"line":1,"column":7932},"end":{"line":1,"column":7959}},"230":{"start":{"line":1,"column":7941},"end":{"line":1,"column":7952}},"231":{"start":{"line":1,"column":7952},"end":{"line":1,"column":7958}},"232":{"start":{"line":1,"column":7960},"end":{"line":1,"column":7978}},"233":{"start":{"line":1,"column":7970},"end":{"line":1,"column":7977}},"234":{"start":{"line":1,"column":7979},"end":{"line":1,"column":8033}},"235":{"start":{"line":1,"column":8033},"end":{"line":1,"column":8099}},"236":{"start":{"line":1,"column":8080},"end":{"line":1,"column":8091}},"237":{"start":{"line":1,"column":8091},"end":{"line":1,"column":8098}},"238":{"start":{"line":1,"column":8099},"end":{"line":1,"column":8122}},"239":{"start":{"line":1,"column":8109},"end":{"line":1,"column":8121}},"240":{"start":{"line":1,"column":8132},"end":{"line":1,"column":8134}},"241":{"start":{"line":1,"column":8135},"end":{"line":1,"column":8151}},"242":{"start":{"line":1,"column":8151},"end":{"line":1,"column":8453}},"243":{"start":{"line":1,"column":8161},"end":{"line":1,"column":8181}},"244":{"start":{"line":1,"column":8198},"end":{"line":1,"column":8203}},"245":{"start":{"line":1,"column":8213},"end":{"line":1,"column":8227}},"246":{"start":{"line":1,"column":8237},"end":{"line":1,"column":8251}},"247":{"start":{"line":1,"column":8252},"end":{"line":1,"column":8315}},"248":{"start":{"line":1,"column":8264},"end":{"line":1,"column":8294}},"249":{"start":{"line":1,"column":8294},"end":{"line":1,"column":8314}},"250":{"start":{"line":1,"column":8324},"end":{"line":1,"column":8339}},"251":{"start":{"line":1,"column":8340},"end":{"line":1,"column":8378}},"252":{"start":{"line":1,"column":8378},"end":{"line":1,"column":8412}},"253":{"start":{"line":1,"column":8412},"end":{"line":1,"column":8452}},"254":{"start":{"line":1,"column":8454},"end":{"line":1,"column":8474}},"255":{"start":{"line":1,"column":8476},"end":{"line":1,"column":8485}},"256":{"start":{"line":1,"column":8509},"end":{"line":1,"column":8511}},"257":{"start":{"line":1,"column":8516},"end":{"line":1,"column":8518}},"258":{"start":{"line":1,"column":8519},"end":{"line":1,"column":9026}},"259":{"start":{"line":1,"column":8547},"end":{"line":1,"column":8758}},"260":{"start":{"line":1,"column":8766},"end":{"line":1,"column":9025}},"261":{"start":{"line":1,"column":8791},"end":{"line":1,"column":8921}},"262":{"start":{"line":1,"column":8929},"end":{"line":1,"column":9024}},"263":{"start":{"line":1,"column":9026},"end":{"line":1,"column":9100}},"264":{"start":{"line":1,"column":9050},"end":{"line":1,"column":9099}},"265":{"start":{"line":1,"column":9108},"end":{"line":1,"column":9122}},"266":{"start":{"line":1,"column":9123},"end":{"line":1,"column":9499}},"267":{"start":{"line":1,"column":9131},"end":{"line":1,"column":9498}},"268":{"start":{"line":1,"column":9154},"end":{"line":1,"column":9362}},"269":{"start":{"line":1,"column":9166},"end":{"line":1,"column":9230}},"270":{"start":{"line":1,"column":9238},"end":{"line":1,"column":9361}},"271":{"start":{"line":1,"column":9362},"end":{"line":1,"column":9452}},"272":{"start":{"line":1,"column":9460},"end":{"line":1,"column":9497}},"273":{"start":{"line":1,"column":9499},"end":{"line":1,"column":9603}},"274":{"start":{"line":1,"column":9522},"end":{"line":1,"column":9557}},"275":{"start":{"line":1,"column":9557},"end":{"line":1,"column":9602}},"276":{"start":{"line":1,"column":9603},"end":{"line":1,"column":9790}},"277":{"start":{"line":1,"column":9633},"end":{"line":1,"column":9728}},"278":{"start":{"line":1,"column":9729},"end":{"line":1,"column":9789}},"279":{"start":{"line":1,"column":9798},"end":{"line":1,"column":9805}},"280":{"start":{"line":1,"column":9806},"end":{"line":1,"column":9830}},"281":{"start":{"line":1,"column":9814},"end":{"line":1,"column":9829}},"282":{"start":{"line":1,"column":9838},"end":{"line":1,"column":9877}},"283":{"start":{"line":1,"column":9878},"end":{"line":1,"column":9969}},"284":{"start":{"line":1,"column":9893},"end":{"line":1,"column":9968}},"285":{"start":{"line":1,"column":9969},"end":{"line":1,"column":10010}},"286":{"start":{"line":1,"column":10010},"end":{"line":1,"column":10344}},"287":{"start":{"line":1,"column":10344},"end":{"line":1,"column":10359}},"288":{"start":{"line":1,"column":10368},"end":{"line":1,"column":10473}},"289":{"start":{"line":1,"column":10501},"end":{"line":1,"column":10525}},"290":{"start":{"line":1,"column":10535},"end":{"line":1,"column":10545}},"291":{"start":{"line":1,"column":10555},"end":{"line":1,"column":10570}},"292":{"start":{"line":1,"column":10577},"end":{"line":1,"column":10745}},"293":{"start":{"line":1,"column":10598},"end":{"line":1,"column":10628}},"294":{"start":{"line":1,"column":10636},"end":{"line":1,"column":10744}},"295":{"start":{"line":1,"column":10666},"end":{"line":1,"column":10743}},"296":{"start":{"line":1,"column":10753},"end":{"line":1,"column":10785}},"297":{"start":{"line":1,"column":10795},"end":{"line":1,"column":10817}},"298":{"start":{"line":1,"column":10818},"end":{"line":1,"column":10870}},"299":{"start":{"line":1,"column":10840},"end":{"line":1,"column":10869}},"300":{"start":{"line":1,"column":10878},"end":{"line":1,"column":10882}},"301":{"start":{"line":1,"column":10900},"end":{"line":1,"column":11446}},"302":{"start":{"line":1,"column":10929},"end":{"line":1,"column":10963}},"303":{"start":{"line":1,"column":10956},"end":{"line":1,"column":10962}},"304":{"start":{"line":1,"column":10963},"end":{"line":1,"column":11120}},"305":{"start":{"line":1,"column":10990},"end":{"line":1,"column":10997}},"306":{"start":{"line":1,"column":10997},"end":{"line":1,"column":11048}},"307":{"start":{"line":1,"column":11017},"end":{"line":1,"column":11047}},"308":{"start":{"line":1,"column":11056},"end":{"line":1,"column":11119}},"309":{"start":{"line":1,"column":11111},"end":{"line":1,"column":11118}},"310":{"start":{"line":1,"column":11120},"end":{"line":1,"column":11126}},"311":{"start":{"line":1,"column":11140},"end":{"line":1,"column":11439}},"312":{"start":{"line":1,"column":11157},"end":{"line":1,"column":11169}},"313":{"start":{"line":1,"column":11179},"end":{"line":1,"column":11191}},"314":{"start":{"line":1,"column":11192},"end":{"line":1,"column":11438}},"315":{"start":{"line":1,"column":11210},"end":{"line":1,"column":11235}},"316":{"start":{"line":1,"column":11236},"end":{"line":1,"column":11254}},"317":{"start":{"line":1,"column":11263},"end":{"line":1,"column":11300}},"318":{"start":{"line":1,"column":11301},"end":{"line":1,"column":11389}},"319":{"start":{"line":1,"column":11319},"end":{"line":1,"column":11332}},"320":{"start":{"line":1,"column":11333},"end":{"line":1,"column":11388}},"321":{"start":{"line":1,"column":11389},"end":{"line":1,"column":11396}},"322":{"start":{"line":1,"column":11396},"end":{"line":1,"column":11437}},"323":{"start":{"line":1,"column":11406},"end":{"line":1,"column":11436}},"324":{"start":{"line":1,"column":11439},"end":{"line":1,"column":11445}},"325":{"start":{"line":1,"column":11464},"end":{"line":1,"column":11527}},"326":{"start":{"line":1,"column":11489},"end":{"line":1,"column":11508}},"327":{"start":{"line":1,"column":11508},"end":{"line":1,"column":11526}},"328":{"start":{"line":1,"column":11518},"end":{"line":1,"column":11525}},"329":{"start":{"line":1,"column":11557},"end":{"line":1,"column":11586}},"330":{"start":{"line":1,"column":11596},"end":{"line":1,"column":11609}},"331":{"start":{"line":1,"column":11610},"end":{"line":1,"column":11754}},"332":{"start":{"line":1,"column":11628},"end":{"line":1,"column":11637}},"333":{"start":{"line":1,"column":11647},"end":{"line":1,"column":11661}},"334":{"start":{"line":1,"column":11662},"end":{"line":1,"column":11681}},"335":{"start":{"line":1,"column":11681},"end":{"line":1,"column":11753}},"336":{"start":{"line":1,"column":11713},"end":{"line":1,"column":11733}},"337":{"start":{"line":1,"column":11733},"end":{"line":1,"column":11752}},"338":{"start":{"line":1,"column":11754},"end":{"line":1,"column":11764}},"339":{"start":{"line":1,"column":11774},"end":{"line":1,"column":11795}},"340":{"start":{"line":1,"column":11796},"end":{"line":1,"column":11863}},"341":{"start":{"line":1,"column":11854},"end":{"line":1,"column":11862}},"342":{"start":{"line":1,"column":11863},"end":{"line":1,"column":11874}},"343":{"start":{"line":1,"column":11875},"end":{"line":1,"column":11921}},"344":{"start":{"line":1,"column":11911},"end":{"line":1,"column":11920}},"345":{"start":{"line":1,"column":11921},"end":{"line":1,"column":11975}},"346":{"start":{"line":1,"column":11943},"end":{"line":1,"column":11974}},"347":{"start":{"line":1,"column":11984},"end":{"line":1,"column":12006}},"348":{"start":{"line":1,"column":12007},"end":{"line":1,"column":12033}},"349":{"start":{"line":1,"column":12041},"end":{"line":1,"column":12069}},"350":{"start":{"line":1,"column":12070},"end":{"line":1,"column":12241}},"351":{"start":{"line":1,"column":12113},"end":{"line":1,"column":12123}},"352":{"start":{"line":1,"column":12123},"end":{"line":1,"column":12157}},"353":{"start":{"line":1,"column":12157},"end":{"line":1,"column":12221}},"354":{"start":{"line":1,"column":12178},"end":{"line":1,"column":12220}},"355":{"start":{"line":1,"column":12221},"end":{"line":1,"column":12240}},"356":{"start":{"line":1,"column":12241},"end":{"line":1,"column":12259}},"357":{"start":{"line":1,"column":12285},"end":{"line":1,"column":12321}},"358":{"start":{"line":1,"column":12331},"end":{"line":1,"column":12336}},"359":{"start":{"line":1,"column":12346},"end":{"line":1,"column":12359}},"360":{"start":{"line":1,"column":12369},"end":{"line":1,"column":12378}},"361":{"start":{"line":1,"column":12387},"end":{"line":1,"column":12388}},"362":{"start":{"line":1,"column":12398},"end":{"line":1,"column":12406}},"363":{"start":{"line":1,"column":12415},"end":{"line":1,"column":12424}},"364":{"start":{"line":1,"column":12434},"end":{"line":1,"column":12435}},"365":{"start":{"line":1,"column":12444},"end":{"line":1,"column":12458}},"366":{"start":{"line":1,"column":12467},"end":{"line":1,"column":12475}},"367":{"start":{"line":1,"column":12484},"end":{"line":1,"column":12485}},"368":{"start":{"line":1,"column":12486},"end":{"line":1,"column":12496}},"369":{"start":{"line":1,"column":12507},"end":{"line":1,"column":12615}},"370":{"start":{"line":1,"column":12535},"end":{"line":1,"column":12614}},"371":{"start":{"line":1,"column":12561},"end":{"line":1,"column":12579}},"372":{"start":{"line":1,"column":12579},"end":{"line":1,"column":12597}},"373":{"start":{"line":1,"column":12605},"end":{"line":1,"column":12613}},"374":{"start":{"line":1,"column":12615},"end":{"line":1,"column":12622}},"375":{"start":{"line":1,"column":12622},"end":{"line":1,"column":12780}},"376":{"start":{"line":1,"column":12659},"end":{"line":1,"column":12664}},"377":{"start":{"line":1,"column":12674},"end":{"line":1,"column":12683}},"378":{"start":{"line":1,"column":12692},"end":{"line":1,"column":12698}},"379":{"start":{"line":1,"column":12699},"end":{"line":1,"column":12746}},"380":{"start":{"line":1,"column":12738},"end":{"line":1,"column":12745}},"381":{"start":{"line":1,"column":12746},"end":{"line":1,"column":12759}},"382":{"start":{"line":1,"column":12759},"end":{"line":1,"column":12772}},"383":{"start":{"line":1,"column":12772},"end":{"line":1,"column":12779}},"384":{"start":{"line":1,"column":12780},"end":{"line":1,"column":12798}},"385":{"start":{"line":1,"column":12807},"end":{"line":1,"column":12811}},"386":{"start":{"line":1,"column":12812},"end":{"line":1,"column":13367}},"387":{"start":{"line":1,"column":12837},"end":{"line":1,"column":12843}},"388":{"start":{"line":1,"column":12852},"end":{"line":1,"column":12868}},"389":{"start":{"line":1,"column":12878},"end":{"line":1,"column":12882}},"390":{"start":{"line":1,"column":12892},"end":{"line":1,"column":12906}},"391":{"start":{"line":1,"column":12915},"end":{"line":1,"column":12930}},"392":{"start":{"line":1,"column":12940},"end":{"line":1,"column":12950}},"393":{"start":{"line":1,"column":12957},"end":{"line":1,"column":13316}},"394":{"start":{"line":1,"column":13009},"end":{"line":1,"column":13043}},"395":{"start":{"line":1,"column":13018},"end":{"line":1,"column":13042}},"396":{"start":{"line":1,"column":13043},"end":{"line":1,"column":13060}},"397":{"start":{"line":1,"column":13069},"end":{"line":1,"column":13085}},"398":{"start":{"line":1,"column":13095},"end":{"line":1,"column":13119}},"399":{"start":{"line":1,"column":13120},"end":{"line":1,"column":13144}},"400":{"start":{"line":1,"column":13153},"end":{"line":1,"column":13166}},"401":{"start":{"line":1,"column":13167},"end":{"line":1,"column":13191}},"402":{"start":{"line":1,"column":13191},"end":{"line":1,"column":13210}},"403":{"start":{"line":1,"column":13210},"end":{"line":1,"column":13315}},"404":{"start":{"line":1,"column":13222},"end":{"line":1,"column":13278}},"405":{"start":{"line":1,"column":13278},"end":{"line":1,"column":13314}},"406":{"start":{"line":1,"column":13316},"end":{"line":1,"column":13322}},"407":{"start":{"line":1,"column":13322},"end":{"line":1,"column":13344}},"408":{"start":{"line":1,"column":13335},"end":{"line":1,"column":13343}},"409":{"start":{"line":1,"column":13344},"end":{"line":1,"column":13366}},"410":{"start":{"line":1,"column":13358},"end":{"line":1,"column":13365}},"411":{"start":{"line":1,"column":13376},"end":{"line":1,"column":13378}},"412":{"start":{"line":1,"column":13397},"end":{"line":1,"column":13568}},"413":{"start":{"line":1,"column":13440},"end":{"line":1,"column":13444}},"414":{"start":{"line":1,"column":13445},"end":{"line":1,"column":13567}},"415":{"start":{"line":1,"column":13472},"end":{"line":1,"column":13481}},"416":{"start":{"line":1,"column":13489},"end":{"line":1,"column":13566}},"417":{"start":{"line":1,"column":13510},"end":{"line":1,"column":13565}},"418":{"start":{"line":1,"column":13587},"end":{"line":1,"column":13678}},"419":{"start":{"line":1,"column":13621},"end":{"line":1,"column":13677}},"420":{"start":{"line":1,"column":13678},"end":{"line":1,"column":13690}},"421":{"start":{"line":1,"column":13691},"end":{"line":1,"column":13714}},"422":{"start":{"line":1,"column":13714},"end":{"line":1,"column":14184}},"423":{"start":{"line":1,"column":14184},"end":{"line":1,"column":14721}},"424":{"start":{"line":1,"column":14721},"end":{"line":1,"column":14761}},"425":{"start":{"line":1,"column":14761},"end":{"line":1,"column":14874}},"426":{"start":{"line":1,"column":14874},"end":{"line":1,"column":14922}},"427":{"start":{"line":1,"column":14922},"end":{"line":1,"column":15027}},"428":{"start":{"line":1,"column":15027},"end":{"line":1,"column":15081}},"429":{"start":{"line":1,"column":15081},"end":{"line":1,"column":15169}},"430":{"start":{"line":1,"column":15169},"end":{"line":1,"column":15276}},"431":{"start":{"line":1,"column":15276},"end":{"line":1,"column":15385}},"432":{"start":{"line":1,"column":15385},"end":{"line":1,"column":15480}},"433":{"start":{"line":1,"column":15480},"end":{"line":1,"column":15553}},"434":{"start":{"line":1,"column":15553},"end":{"line":1,"column":15698}},"435":{"start":{"line":1,"column":15698},"end":{"line":1,"column":15737}},"436":{"start":{"line":1,"column":15760},"end":{"line":1,"column":15775}},"437":{"start":{"line":1,"column":15776},"end":{"line":1,"column":15972}},"438":{"start":{"line":1,"column":15789},"end":{"line":1,"column":15804}},"439":{"start":{"line":1,"column":15813},"end":{"line":1,"column":15825}},"440":{"start":{"line":1,"column":15826},"end":{"line":1,"column":15843}},"441":{"start":{"line":1,"column":15843},"end":{"line":1,"column":15861}},"442":{"start":{"line":1,"column":15861},"end":{"line":1,"column":15875}},"443":{"start":{"line":1,"column":15875},"end":{"line":1,"column":15886}},"444":{"start":{"line":1,"column":15886},"end":{"line":1,"column":15891}},"445":{"start":{"line":1,"column":15904},"end":{"line":1,"column":15971}},"446":{"start":{"line":1,"column":15930},"end":{"line":1,"column":15970}},"447":{"start":{"line":1,"column":16002},"end":{"line":1,"column":16031}},"448":{"start":{"line":1,"column":16032},"end":{"line":1,"column":16048}},"449":{"start":{"line":1,"column":16048},"end":{"line":1,"column":16065}},"450":{"start":{"line":1,"column":16056},"end":{"line":1,"column":16064}},"451":{"start":{"line":1,"column":16073},"end":{"line":1,"column":16124}},"452":{"start":{"line":1,"column":16125},"end":{"line":1,"column":16130}},"453":{"start":{"line":1,"column":16130},"end":{"line":1,"column":16149}},"454":{"start":{"line":1,"column":16182},"end":{"line":1,"column":16223}},"455":{"start":{"line":1,"column":16233},"end":{"line":1,"column":16264}},"456":{"start":{"line":1,"column":16273},"end":{"line":1,"column":16275}},"457":{"start":{"line":1,"column":16276},"end":{"line":1,"column":16384}},"458":{"start":{"line":1,"column":16316},"end":{"line":1,"column":16383}},"459":{"start":{"line":1,"column":16364},"end":{"line":1,"column":16382}},"460":{"start":{"line":1,"column":16384},"end":{"line":1,"column":16394}},"461":{"start":{"line":1,"column":16402},"end":{"line":1,"column":16406}},"462":{"start":{"line":1,"column":16407},"end":{"line":1,"column":16471}},"463":{"start":{"line":1,"column":16420},"end":{"line":1,"column":16470}},"464":{"start":{"line":1,"column":16447},"end":{"line":1,"column":16466}},"465":{"start":{"line":1,"column":16479},"end":{"line":1,"column":16480}},"466":{"start":{"line":1,"column":16496},"end":{"line":1,"column":16528}},"467":{"start":{"line":1,"column":16538},"end":{"line":1,"column":16555}},"468":{"start":{"line":1,"column":16579},"end":{"line":1,"column":16639}},"469":{"start":{"line":1,"column":16640},"end":{"line":1,"column":17319}},"470":{"start":{"line":1,"column":16692},"end":{"line":1,"column":16696}},"471":{"start":{"line":1,"column":16706},"end":{"line":1,"column":16718}},"472":{"start":{"line":1,"column":16719},"end":{"line":1,"column":17318}},"473":{"start":{"line":1,"column":16765},"end":{"line":1,"column":16777}},"474":{"start":{"line":1,"column":16785},"end":{"line":1,"column":16865}},"475":{"start":{"line":1,"column":16836},"end":{"line":1,"column":16864}},"476":{"start":{"line":1,"column":16865},"end":{"line":1,"column":16886}},"477":{"start":{"line":1,"column":16874},"end":{"line":1,"column":16885}},"478":{"start":{"line":1,"column":16895},"end":{"line":1,"column":16900}},"479":{"start":{"line":1,"column":16901},"end":{"line":1,"column":17111}},"480":{"start":{"line":1,"column":16955},"end":{"line":1,"column":17110}},"481":{"start":{"line":1,"column":17093},"end":{"line":1,"column":17103}},"482":{"start":{"line":1,"column":17103},"end":{"line":1,"column":17109}},"483":{"start":{"line":1,"column":17111},"end":{"line":1,"column":17317}},"484":{"start":{"line":1,"column":17130},"end":{"line":1,"column":17175}},"485":{"start":{"line":1,"column":17176},"end":{"line":1,"column":17232}},"486":{"start":{"line":1,"column":17232},"end":{"line":1,"column":17252}},"487":{"start":{"line":1,"column":17241},"end":{"line":1,"column":17251}},"488":{"start":{"line":1,"column":17252},"end":{"line":1,"column":17311}},"489":{"start":{"line":1,"column":17311},"end":{"line":1,"column":17316}},"490":{"start":{"line":1,"column":17319},"end":{"line":1,"column":17381}},"491":{"start":{"line":1,"column":17338},"end":{"line":1,"column":17357}},"492":{"start":{"line":1,"column":17365},"end":{"line":1,"column":17380}},"493":{"start":{"line":1,"column":17374},"end":{"line":1,"column":17379}},"494":{"start":{"line":1,"column":17382},"end":{"line":1,"column":17386}},"495":{"start":{"line":1,"column":17387},"end":{"line":1,"column":17413}},"496":{"start":{"line":1,"column":17413},"end":{"line":1,"column":17436}},"497":{"start":{"line":1,"column":17436},"end":{"line":1,"column":17717}},"498":{"start":{"line":1,"column":17722},"end":{"line":1,"column":18517}},"499":{"start":{"line":1,"column":18517},"end":{"line":1,"column":19326}},"500":{"start":{"line":1,"column":19326},"end":{"line":1,"column":19475}},"501":{"start":{"line":1,"column":19475},"end":{"line":1,"column":19570}}},"fnMap":{"0":{"name":"(anonymous_0)","decl":{"start":{"line":1,"column":42},"end":{"line":1,"column":43}},"loc":{"start":{"line":1,"column":54},"end":{"line":1,"column":17718}},"line":1},"1":{"name":"k","decl":{"start":{"line":1,"column":2609},"end":{"line":1,"column":2610}},"loc":{"start":{"line":1,"column":2614},"end":{"line":1,"column":5959}},"line":1},"2":{"name":"ab","decl":{"start":{"line":1,"column":2925},"end":{"line":1,"column":2927}},"loc":{"start":{"line":1,"column":2932},"end":{"line":1,"column":3223}},"line":1},"3":{"name":"T","decl":{"start":{"line":1,"column":3232},"end":{"line":1,"column":3233}},"loc":{"start":{"line":1,"column":3238},"end":{"line":1,"column":3426}},"line":1},"4":{"name":"X","decl":{"start":{"line":1,"column":3435},"end":{"line":1,"column":3436}},"loc":{"start":{"line":1,"column":3441},"end":{"line":1,"column":4591}},"line":1},"5":{"name":"(anonymous_5)","decl":{"start":{"line":1,"column":4115},"end":{"line":1,"column":4116}},"loc":{"start":{"line":1,"column":4133},"end":{"line":1,"column":4173}},"line":1},"6":{"name":"W","decl":{"start":{"line":1,"column":4600},"end":{"line":1,"column":4601}},"loc":{"start":{"line":1,"column":4606},"end":{"line":1,"column":5752}},"line":1},"7":{"name":"(anonymous_7)","decl":{"start":{"line":1,"column":5626},"end":{"line":1,"column":5627}},"loc":{"start":{"line":1,"column":5640},"end":{"line":1,"column":5726}},"line":1},"8":{"name":"a","decl":{"start":{"line":1,"column":5968},"end":{"line":1,"column":5969}},"loc":{"start":{"line":1,"column":5973},"end":{"line":1,"column":6801}},"line":1},"9":{"name":"aa","decl":{"start":{"line":1,"column":6279},"end":{"line":1,"column":6281}},"loc":{"start":{"line":1,"column":6286},"end":{"line":1,"column":6731}},"line":1},"10":{"name":"B","decl":{"start":{"line":1,"column":6810},"end":{"line":1,"column":6811}},"loc":{"start":{"line":1,"column":6824},"end":{"line":1,"column":6917}},"line":1},"11":{"name":"o","decl":{"start":{"line":1,"column":6939},"end":{"line":1,"column":6940}},"loc":{"start":{"line":1,"column":6944},"end":{"line":1,"column":7133}},"line":1},"12":{"name":"g","decl":{"start":{"line":1,"column":7142},"end":{"line":1,"column":7143}},"loc":{"start":{"line":1,"column":7150},"end":{"line":1,"column":8486}},"line":1},"13":{"name":"(anonymous_13)","decl":{"start":{"line":1,"column":7169},"end":{"line":1,"column":7170}},"loc":{"start":{"line":1,"column":7181},"end":{"line":1,"column":7495}},"line":1},"14":{"name":"W","decl":{"start":{"line":1,"column":7533},"end":{"line":1,"column":7534}},"loc":{"start":{"line":1,"column":7539},"end":{"line":1,"column":8475}},"line":1},"15":{"name":"i","decl":{"start":{"line":1,"column":8495},"end":{"line":1,"column":8496}},"loc":{"start":{"line":1,"column":8500},"end":{"line":1,"column":10360}},"line":1},"16":{"name":"Q","decl":{"start":{"line":1,"column":10483},"end":{"line":1,"column":10484}},"loc":{"start":{"line":1,"column":10492},"end":{"line":1,"column":12260}},"line":1},"17":{"name":"ae","decl":{"start":{"line":1,"column":10892},"end":{"line":1,"column":10894}},"loc":{"start":{"line":1,"column":10899},"end":{"line":1,"column":11447}},"line":1},"18":{"name":"ad","decl":{"start":{"line":1,"column":11456},"end":{"line":1,"column":11458}},"loc":{"start":{"line":1,"column":11463},"end":{"line":1,"column":11875}},"line":1},"19":{"name":"ai","decl":{"start":{"line":1,"column":11536},"end":{"line":1,"column":11538}},"loc":{"start":{"line":1,"column":11547},"end":{"line":1,"column":11765}},"line":1},"20":{"name":"D","decl":{"start":{"line":1,"column":12269},"end":{"line":1,"column":12270}},"loc":{"start":{"line":1,"column":12275},"end":{"line":1,"column":13368}},"line":1},"21":{"name":"c","decl":{"start":{"line":1,"column":13388},"end":{"line":1,"column":13389}},"loc":{"start":{"line":1,"column":13396},"end":{"line":1,"column":13569}},"line":1},"22":{"name":"q","decl":{"start":{"line":1,"column":13578},"end":{"line":1,"column":13579}},"loc":{"start":{"line":1,"column":13586},"end":{"line":1,"column":13691}},"line":1},"23":{"name":"d","decl":{"start":{"line":1,"column":15746},"end":{"line":1,"column":15747}},"loc":{"start":{"line":1,"column":15751},"end":{"line":1,"column":15973}},"line":1},"24":{"name":"y","decl":{"start":{"line":1,"column":15982},"end":{"line":1,"column":15983}},"loc":{"start":{"line":1,"column":15993},"end":{"line":1,"column":16150}},"line":1},"25":{"name":"b","decl":{"start":{"line":1,"column":16159},"end":{"line":1,"column":16160}},"loc":{"start":{"line":1,"column":16165},"end":{"line":1,"column":17387}},"line":1},"26":{"name":"Y","decl":{"start":{"line":1,"column":16175},"end":{"line":1,"column":16176}},"loc":{"start":{"line":1,"column":16181},"end":{"line":1,"column":16224}},"line":1},"27":{"name":"now","decl":{"start":{"line":1,"column":16440},"end":{"line":1,"column":16443}},"loc":{"start":{"line":1,"column":16446},"end":{"line":1,"column":16467}},"line":1},"28":{"name":"U","decl":{"start":{"line":1,"column":16565},"end":{"line":1,"column":16566}},"loc":{"start":{"line":1,"column":16569},"end":{"line":1,"column":17382}},"line":1}},"branchMap":{"0":{"loc":{"start":{"line":1,"column":2712},"end":{"line":1,"column":2864}},"type":"if","locations":[{"start":{"line":1,"column":2712},"end":{"line":1,"column":2864}},{"start":{"line":1,"column":2712},"end":{"line":1,"column":2864}}],"line":1},"1":{"loc":{"start":{"line":1,"column":2750},"end":{"line":1,"column":2863}},"type":"if","locations":[{"start":{"line":1,"column":2750},"end":{"line":1,"column":2863}},{"start":{"line":1,"column":2750},"end":{"line":1,"column":2863}}],"line":1},"2":{"loc":{"start":{"line":1,"column":2959},"end":{"line":1,"column":2986}},"type":"if","locations":[{"start":{"line":1,"column":2959},"end":{"line":1,"column":2986}},{"start":{"line":1,"column":2959},"end":{"line":1,"column":2986}}],"line":1},"3":{"loc":{"start":{"line":1,"column":3019},"end":{"line":1,"column":3222}},"type":"if","locations":[{"start":{"line":1,"column":3019},"end":{"line":1,"column":3222}},{"start":{"line":1,"column":3019},"end":{"line":1,"column":3222}}],"line":1},"4":{"loc":{"start":{"line":1,"column":3046},"end":{"line":1,"column":3221}},"type":"if","locations":[{"start":{"line":1,"column":3046},"end":{"line":1,"column":3221}},{"start":{"line":1,"column":3046},"end":{"line":1,"column":3221}}],"line":1},"5":{"loc":{"start":{"line":1,"column":3050},"end":{"line":1,"column":3072}},"type":"binary-expr","locations":[{"start":{"line":1,"column":3050},"end":{"line":1,"column":3059}},{"start":{"line":1,"column":3063},"end":{"line":1,"column":3072}}],"line":1},"6":{"loc":{"start":{"line":1,"column":3119},"end":{"line":1,"column":3220}},"type":"if","locations":[{"start":{"line":1,"column":3119},"end":{"line":1,"column":3220}},{"start":{"line":1,"column":3119},"end":{"line":1,"column":3220}}],"line":1},"7":{"loc":{"start":{"line":1,"column":3123},"end":{"line":1,"column":3147}},"type":"binary-expr","locations":[{"start":{"line":1,"column":3123},"end":{"line":1,"column":3133}},{"start":{"line":1,"column":3137},"end":{"line":1,"column":3147}}],"line":1},"8":{"loc":{"start":{"line":1,"column":3239},"end":{"line":1,"column":3306}},"type":"if","locations":[{"start":{"line":1,"column":3239},"end":{"line":1,"column":3306}},{"start":{"line":1,"column":3239},"end":{"line":1,"column":3306}}],"line":1},"9":{"loc":{"start":{"line":1,"column":3261},"end":{"line":1,"column":3285}},"type":"cond-expr","locations":[{"start":{"line":1,"column":3271},"end":{"line":1,"column":3277}},{"start":{"line":1,"column":3280},"end":{"line":1,"column":3285}}],"line":1},"10":{"loc":{"start":{"line":1,"column":3339},"end":{"line":1,"column":3415}},"type":"if","locations":[{"start":{"line":1,"column":3339},"end":{"line":1,"column":3415}},{"start":{"line":1,"column":3339},"end":{"line":1,"column":3415}}],"line":1},"11":{"loc":{"start":{"line":1,"column":3343},"end":{"line":1,"column":3396}},"type":"binary-expr","locations":[{"start":{"line":1,"column":3343},"end":{"line":1,"column":3354}},{"start":{"line":1,"column":3358},"end":{"line":1,"column":3368}},{"start":{"line":1,"column":3372},"end":{"line":1,"column":3382}},{"start":{"line":1,"column":3386},"end":{"line":1,"column":3396}}],"line":1},"12":{"loc":{"start":{"line":1,"column":3728},"end":{"line":1,"column":4106}},"type":"if","locations":[{"start":{"line":1,"column":3728},"end":{"line":1,"column":4106}},{"start":{"line":1,"column":3728},"end":{"line":1,"column":4106}}],"line":1},"13":{"loc":{"start":{"line":1,"column":3798},"end":{"line":1,"column":3883}},"type":"if","locations":[{"start":{"line":1,"column":3798},"end":{"line":1,"column":3883}},{"start":{"line":1,"column":3798},"end":{"line":1,"column":3883}}],"line":1},"14":{"loc":{"start":{"line":1,"column":3802},"end":{"line":1,"column":3835}},"type":"binary-expr","locations":[{"start":{"line":1,"column":3802},"end":{"line":1,"column":3813}},{"start":{"line":1,"column":3817},"end":{"line":1,"column":3835}}],"line":1},"15":{"loc":{"start":{"line":1,"column":3901},"end":{"line":1,"column":4105}},"type":"if","locations":[{"start":{"line":1,"column":3901},"end":{"line":1,"column":4105}},{"start":{"line":1,"column":3901},"end":{"line":1,"column":4105}}],"line":1},"16":{"loc":{"start":{"line":1,"column":3907},"end":{"line":1,"column":3926}},"type":"binary-expr","locations":[{"start":{"line":1,"column":3907},"end":{"line":1,"column":3914}},{"start":{"line":1,"column":3918},"end":{"line":1,"column":3926}}],"line":1},"17":{"loc":{"start":{"line":1,"column":3930},"end":{"line":1,"column":4015}},"type":"if","locations":[{"start":{"line":1,"column":3930},"end":{"line":1,"column":4015}},{"start":{"line":1,"column":3930},"end":{"line":1,"column":4015}}],"line":1},"18":{"loc":{"start":{"line":1,"column":3936},"end":{"line":1,"column":3954}},"type":"binary-expr","locations":[{"start":{"line":1,"column":3936},"end":{"line":1,"column":3943}},{"start":{"line":1,"column":3947},"end":{"line":1,"column":3954}}],"line":1},"19":{"loc":{"start":{"line":1,"column":4015},"end":{"line":1,"column":4104}},"type":"if","locations":[{"start":{"line":1,"column":4015},"end":{"line":1,"column":4104}},{"start":{"line":1,"column":4015},"end":{"line":1,"column":4104}}],"line":1},"20":{"loc":{"start":{"line":1,"column":4021},"end":{"line":1,"column":4040}},"type":"binary-expr","locations":[{"start":{"line":1,"column":4021},"end":{"line":1,"column":4028}},{"start":{"line":1,"column":4032},"end":{"line":1,"column":4040}}],"line":1},"21":{"loc":{"start":{"line":1,"column":4141},"end":{"line":1,"column":4171}},"type":"binary-expr","locations":[{"start":{"line":1,"column":4141},"end":{"line":1,"column":4154}},{"start":{"line":1,"column":4158},"end":{"line":1,"column":4171}}],"line":1},"22":{"loc":{"start":{"line":1,"column":4263},"end":{"line":1,"column":4345}},"type":"if","locations":[{"start":{"line":1,"column":4263},"end":{"line":1,"column":4345}},{"start":{"line":1,"column":4263},"end":{"line":1,"column":4345}}],"line":1},"23":{"loc":{"start":{"line":1,"column":4361},"end":{"line":1,"column":4384}},"type":"if","locations":[{"start":{"line":1,"column":4361},"end":{"line":1,"column":4384}},{"start":{"line":1,"column":4361},"end":{"line":1,"column":4384}}],"line":1},"24":{"loc":{"start":{"line":1,"column":4480},"end":{"line":1,"column":4557}},"type":"if","locations":[{"start":{"line":1,"column":4480},"end":{"line":1,"column":4557}},{"start":{"line":1,"column":4480},"end":{"line":1,"column":4557}}],"line":1},"25":{"loc":{"start":{"line":1,"column":4500},"end":{"line":1,"column":4538}},"type":"if","locations":[{"start":{"line":1,"column":4500},"end":{"line":1,"column":4538}},{"start":{"line":1,"column":4500},"end":{"line":1,"column":4538}}],"line":1},"26":{"loc":{"start":{"line":1,"column":4894},"end":{"line":1,"column":5014}},"type":"if","locations":[{"start":{"line":1,"column":4894},"end":{"line":1,"column":5014}},{"start":{"line":1,"column":4894},"end":{"line":1,"column":5014}}],"line":1},"27":{"loc":{"start":{"line":1,"column":4924},"end":{"line":1,"column":5013}},"type":"if","locations":[{"start":{"line":1,"column":4924},"end":{"line":1,"column":5013}},{"start":{"line":1,"column":4924},"end":{"line":1,"column":5013}}],"line":1},"28":{"loc":{"start":{"line":1,"column":4978},"end":{"line":1,"column":5012}},"type":"if","locations":[{"start":{"line":1,"column":4978},"end":{"line":1,"column":5012}},{"start":{"line":1,"column":4978},"end":{"line":1,"column":5012}}],"line":1},"29":{"loc":{"start":{"line":1,"column":4982},"end":{"line":1,"column":4996}},"type":"binary-expr","locations":[{"start":{"line":1,"column":4982},"end":{"line":1,"column":4984}},{"start":{"line":1,"column":4988},"end":{"line":1,"column":4996}}],"line":1},"30":{"loc":{"start":{"line":1,"column":5055},"end":{"line":1,"column":5090}},"type":"if","locations":[{"start":{"line":1,"column":5055},"end":{"line":1,"column":5090}},{"start":{"line":1,"column":5055},"end":{"line":1,"column":5090}}],"line":1},"31":{"loc":{"start":{"line":1,"column":5148},"end":{"line":1,"column":5322}},"type":"if","locations":[{"start":{"line":1,"column":5148},"end":{"line":1,"column":5322}},{"start":{"line":1,"column":5148},"end":{"line":1,"column":5322}}],"line":1},"32":{"loc":{"start":{"line":1,"column":5170},"end":{"line":1,"column":5213}},"type":"if","locations":[{"start":{"line":1,"column":5170},"end":{"line":1,"column":5213}},{"start":{"line":1,"column":5170},"end":{"line":1,"column":5213}}],"line":1},"33":{"loc":{"start":{"line":1,"column":5221},"end":{"line":1,"column":5321}},"type":"if","locations":[{"start":{"line":1,"column":5221},"end":{"line":1,"column":5321}},{"start":{"line":1,"column":5221},"end":{"line":1,"column":5321}}],"line":1},"34":{"loc":{"start":{"line":1,"column":5275},"end":{"line":1,"column":5320}},"type":"if","locations":[{"start":{"line":1,"column":5275},"end":{"line":1,"column":5320}},{"start":{"line":1,"column":5275},"end":{"line":1,"column":5320}}],"line":1},"35":{"loc":{"start":{"line":1,"column":5279},"end":{"line":1,"column":5293}},"type":"binary-expr","locations":[{"start":{"line":1,"column":5279},"end":{"line":1,"column":5281}},{"start":{"line":1,"column":5285},"end":{"line":1,"column":5293}}],"line":1},"36":{"loc":{"start":{"line":1,"column":5364},"end":{"line":1,"column":5420}},"type":"if","locations":[{"start":{"line":1,"column":5364},"end":{"line":1,"column":5420}},{"start":{"line":1,"column":5364},"end":{"line":1,"column":5420}}],"line":1},"37":{"loc":{"start":{"line":1,"column":5368},"end":{"line":1,"column":5404}},"type":"binary-expr","locations":[{"start":{"line":1,"column":5368},"end":{"line":1,"column":5382}},{"start":{"line":1,"column":5386},"end":{"line":1,"column":5404}}],"line":1},"38":{"loc":{"start":{"line":1,"column":5421},"end":{"line":1,"column":5732}},"type":"if","locations":[{"start":{"line":1,"column":5421},"end":{"line":1,"column":5732}},{"start":{"line":1,"column":5421},"end":{"line":1,"column":5732}}],"line":1},"39":{"loc":{"start":{"line":1,"column":5425},"end":{"line":1,"column":5443}},"type":"binary-expr","locations":[{"start":{"line":1,"column":5425},"end":{"line":1,"column":5438}},{"start":{"line":1,"column":5442},"end":{"line":1,"column":5443}}],"line":1},"40":{"loc":{"start":{"line":1,"column":5517},"end":{"line":1,"column":5730}},"type":"if","locations":[{"start":{"line":1,"column":5517},"end":{"line":1,"column":5730}},{"start":{"line":1,"column":5517},"end":{"line":1,"column":5730}}],"line":1},"41":{"loc":{"start":{"line":1,"column":5521},"end":{"line":1,"column":5549}},"type":"binary-expr","locations":[{"start":{"line":1,"column":5521},"end":{"line":1,"column":5535}},{"start":{"line":1,"column":5539},"end":{"line":1,"column":5549}}],"line":1},"42":{"loc":{"start":{"line":1,"column":5575},"end":{"line":1,"column":5729}},"type":"if","locations":[{"start":{"line":1,"column":5575},"end":{"line":1,"column":5729}},{"start":{"line":1,"column":5575},"end":{"line":1,"column":5729}}],"line":1},"43":{"loc":{"start":{"line":1,"column":5821},"end":{"line":1,"column":5879}},"type":"if","locations":[{"start":{"line":1,"column":5821},"end":{"line":1,"column":5879}},{"start":{"line":1,"column":5821},"end":{"line":1,"column":5879}}],"line":1},"44":{"loc":{"start":{"line":1,"column":5825},"end":{"line":1,"column":5850}},"type":"binary-expr","locations":[{"start":{"line":1,"column":5825},"end":{"line":1,"column":5834}},{"start":{"line":1,"column":5838},"end":{"line":1,"column":5850}}],"line":1},"45":{"loc":{"start":{"line":1,"column":5941},"end":{"line":1,"column":5956}},"type":"cond-expr","locations":[{"start":{"line":1,"column":5946},"end":{"line":1,"column":5950}},{"start":{"line":1,"column":5953},"end":{"line":1,"column":5956}}],"line":1},"46":{"loc":{"start":{"line":1,"column":6055},"end":{"line":1,"column":6229}},"type":"if","locations":[{"start":{"line":1,"column":6055},"end":{"line":1,"column":6229}},{"start":{"line":1,"column":6055},"end":{"line":1,"column":6229}}],"line":1},"47":{"loc":{"start":{"line":1,"column":6114},"end":{"line":1,"column":6228}},"type":"if","locations":[{"start":{"line":1,"column":6114},"end":{"line":1,"column":6228}},{"start":{"line":1,"column":6114},"end":{"line":1,"column":6228}}],"line":1},"48":{"loc":{"start":{"line":1,"column":6237},"end":{"line":1,"column":6269}},"type":"binary-expr","locations":[{"start":{"line":1,"column":6237},"end":{"line":1,"column":6238}},{"start":{"line":1,"column":6242},"end":{"line":1,"column":6269}}],"line":1},"49":{"loc":{"start":{"line":1,"column":6287},"end":{"line":1,"column":6730}},"type":"switch","locations":[{"start":{"line":1,"column":6309},"end":{"line":1,"column":6524}},{"start":{"line":1,"column":6524},"end":{"line":1,"column":6531}},{"start":{"line":1,"column":6531},"end":{"line":1,"column":6729}}],"line":1},"50":{"loc":{"start":{"line":1,"column":6316},"end":{"line":1,"column":6351}},"type":"if","locations":[{"start":{"line":1,"column":6316},"end":{"line":1,"column":6351}},{"start":{"line":1,"column":6316},"end":{"line":1,"column":6351}}],"line":1},"51":{"loc":{"start":{"line":1,"column":6435},"end":{"line":1,"column":6518}},"type":"if","locations":[{"start":{"line":1,"column":6435},"end":{"line":1,"column":6518}},{"start":{"line":1,"column":6435},"end":{"line":1,"column":6518}}],"line":1},"52":{"loc":{"start":{"line":1,"column":6439},"end":{"line":1,"column":6465}},"type":"binary-expr","locations":[{"start":{"line":1,"column":6439},"end":{"line":1,"column":6450}},{"start":{"line":1,"column":6454},"end":{"line":1,"column":6465}}],"line":1},"53":{"loc":{"start":{"line":1,"column":6560},"end":{"line":1,"column":6723}},"type":"if","locations":[{"start":{"line":1,"column":6560},"end":{"line":1,"column":6723}},{"start":{"line":1,"column":6560},"end":{"line":1,"column":6723}}],"line":1},"54":{"loc":{"start":{"line":1,"column":6576},"end":{"line":1,"column":6662}},"type":"if","locations":[{"start":{"line":1,"column":6576},"end":{"line":1,"column":6662}},{"start":{"line":1,"column":6576},"end":{"line":1,"column":6662}}],"line":1},"55":{"loc":{"start":{"line":1,"column":6825},"end":{"line":1,"column":6842}},"type":"if","locations":[{"start":{"line":1,"column":6825},"end":{"line":1,"column":6842}},{"start":{"line":1,"column":6825},"end":{"line":1,"column":6842}}],"line":1},"56":{"loc":{"start":{"line":1,"column":7036},"end":{"line":1,"column":7099}},"type":"cond-expr","locations":[{"start":{"line":1,"column":7046},"end":{"line":1,"column":7055}},{"start":{"line":1,"column":7058},"end":{"line":1,"column":7099}}],"line":1},"57":{"loc":{"start":{"line":1,"column":7046},"end":{"line":1,"column":7055}},"type":"cond-expr","locations":[{"start":{"line":1,"column":7050},"end":{"line":1,"column":7051}},{"start":{"line":1,"column":7054},"end":{"line":1,"column":7055}}],"line":1},"58":{"loc":{"start":{"line":1,"column":7058},"end":{"line":1,"column":7099}},"type":"cond-expr","locations":[{"start":{"line":1,"column":7068},"end":{"line":1,"column":7095}},{"start":{"line":1,"column":7098},"end":{"line":1,"column":7099}}],"line":1},"59":{"loc":{"start":{"line":1,"column":7068},"end":{"line":1,"column":7095}},"type":"cond-expr","locations":[{"start":{"line":1,"column":7090},"end":{"line":1,"column":7091}},{"start":{"line":1,"column":7094},"end":{"line":1,"column":7095}}],"line":1},"60":{"loc":{"start":{"line":1,"column":7108},"end":{"line":1,"column":7131}},"type":"cond-expr","locations":[{"start":{"line":1,"column":7118},"end":{"line":1,"column":7127}},{"start":{"line":1,"column":7130},"end":{"line":1,"column":7131}}],"line":1},"61":{"loc":{"start":{"line":1,"column":7303},"end":{"line":1,"column":7373}},"type":"if","locations":[{"start":{"line":1,"column":7303},"end":{"line":1,"column":7373}},{"start":{"line":1,"column":7303},"end":{"line":1,"column":7373}}],"line":1},"62":{"loc":{"start":{"line":1,"column":7404},"end":{"line":1,"column":7460}},"type":"if","locations":[{"start":{"line":1,"column":7404},"end":{"line":1,"column":7460}},{"start":{"line":1,"column":7404},"end":{"line":1,"column":7460}}],"line":1},"63":{"loc":{"start":{"line":1,"column":7613},"end":{"line":1,"column":7629}},"type":"binary-expr","locations":[{"start":{"line":1,"column":7613},"end":{"line":1,"column":7623}},{"start":{"line":1,"column":7627},"end":{"line":1,"column":7629}}],"line":1},"64":{"loc":{"start":{"line":1,"column":7746},"end":{"line":1,"column":8123}},"type":"if","locations":[{"start":{"line":1,"column":7746},"end":{"line":1,"column":8123}},{"start":{"line":1,"column":7746},"end":{"line":1,"column":8123}}],"line":1},"65":{"loc":{"start":{"line":1,"column":7819},"end":{"line":1,"column":7979}},"type":"if","locations":[{"start":{"line":1,"column":7819},"end":{"line":1,"column":7979}},{"start":{"line":1,"column":7819},"end":{"line":1,"column":7979}}],"line":1},"66":{"loc":{"start":{"line":1,"column":7932},"end":{"line":1,"column":7959}},"type":"if","locations":[{"start":{"line":1,"column":7932},"end":{"line":1,"column":7959}},{"start":{"line":1,"column":7932},"end":{"line":1,"column":7959}}],"line":1},"67":{"loc":{"start":{"line":1,"column":7960},"end":{"line":1,"column":7978}},"type":"if","locations":[{"start":{"line":1,"column":7960},"end":{"line":1,"column":7978}},{"start":{"line":1,"column":7960},"end":{"line":1,"column":7978}}],"line":1},"68":{"loc":{"start":{"line":1,"column":7984},"end":{"line":1,"column":8032}},"type":"binary-expr","locations":[{"start":{"line":1,"column":7984},"end":{"line":1,"column":7998}},{"start":{"line":1,"column":8002},"end":{"line":1,"column":8032}}],"line":1},"69":{"loc":{"start":{"line":1,"column":8033},"end":{"line":1,"column":8099}},"type":"if","locations":[{"start":{"line":1,"column":8033},"end":{"line":1,"column":8099}},{"start":{"line":1,"column":8033},"end":{"line":1,"column":8099}}],"line":1},"70":{"loc":{"start":{"line":1,"column":8037},"end":{"line":1,"column":8077}},"type":"binary-expr","locations":[{"start":{"line":1,"column":8037},"end":{"line":1,"column":8039}},{"start":{"line":1,"column":8043},"end":{"line":1,"column":8077}}],"line":1},"71":{"loc":{"start":{"line":1,"column":8045},"end":{"line":1,"column":8076}},"type":"binary-expr","locations":[{"start":{"line":1,"column":8045},"end":{"line":1,"column":8047}},{"start":{"line":1,"column":8051},"end":{"line":1,"column":8076}}],"line":1},"72":{"loc":{"start":{"line":1,"column":8099},"end":{"line":1,"column":8122}},"type":"if","locations":[{"start":{"line":1,"column":8099},"end":{"line":1,"column":8122}},{"start":{"line":1,"column":8099},"end":{"line":1,"column":8122}}],"line":1},"73":{"loc":{"start":{"line":1,"column":8151},"end":{"line":1,"column":8453}},"type":"if","locations":[{"start":{"line":1,"column":8151},"end":{"line":1,"column":8453}},{"start":{"line":1,"column":8151},"end":{"line":1,"column":8453}}],"line":1},"74":{"loc":{"start":{"line":1,"column":8252},"end":{"line":1,"column":8315}},"type":"if","locations":[{"start":{"line":1,"column":8252},"end":{"line":1,"column":8315}},{"start":{"line":1,"column":8252},"end":{"line":1,"column":8315}}],"line":1},"75":{"loc":{"start":{"line":1,"column":8519},"end":{"line":1,"column":9026}},"type":"if","locations":[{"start":{"line":1,"column":8519},"end":{"line":1,"column":9026}},{"start":{"line":1,"column":8519},"end":{"line":1,"column":9026}}],"line":1},"76":{"loc":{"start":{"line":1,"column":8766},"end":{"line":1,"column":9025}},"type":"if","locations":[{"start":{"line":1,"column":8766},"end":{"line":1,"column":9025}},{"start":{"line":1,"column":8766},"end":{"line":1,"column":9025}}],"line":1},"77":{"loc":{"start":{"line":1,"column":9026},"end":{"line":1,"column":9100}},"type":"if","locations":[{"start":{"line":1,"column":9026},"end":{"line":1,"column":9100}},{"start":{"line":1,"column":9026},"end":{"line":1,"column":9100}}],"line":1},"78":{"loc":{"start":{"line":1,"column":9123},"end":{"line":1,"column":9499}},"type":"if","locations":[{"start":{"line":1,"column":9123},"end":{"line":1,"column":9499}},{"start":{"line":1,"column":9123},"end":{"line":1,"column":9499}}],"line":1},"79":{"loc":{"start":{"line":1,"column":9131},"end":{"line":1,"column":9498}},"type":"if","locations":[{"start":{"line":1,"column":9131},"end":{"line":1,"column":9498}},{"start":{"line":1,"column":9131},"end":{"line":1,"column":9498}}],"line":1},"80":{"loc":{"start":{"line":1,"column":9154},"end":{"line":1,"column":9362}},"type":"if","locations":[{"start":{"line":1,"column":9154},"end":{"line":1,"column":9362}},{"start":{"line":1,"column":9154},"end":{"line":1,"column":9362}}],"line":1},"81":{"loc":{"start":{"line":1,"column":9499},"end":{"line":1,"column":9603}},"type":"if","locations":[{"start":{"line":1,"column":9499},"end":{"line":1,"column":9603}},{"start":{"line":1,"column":9499},"end":{"line":1,"column":9603}}],"line":1},"82":{"loc":{"start":{"line":1,"column":9603},"end":{"line":1,"column":9790}},"type":"if","locations":[{"start":{"line":1,"column":9603},"end":{"line":1,"column":9790}},{"start":{"line":1,"column":9603},"end":{"line":1,"column":9790}}],"line":1},"83":{"loc":{"start":{"line":1,"column":9806},"end":{"line":1,"column":9830}},"type":"if","locations":[{"start":{"line":1,"column":9806},"end":{"line":1,"column":9830}},{"start":{"line":1,"column":9806},"end":{"line":1,"column":9830}}],"line":1},"84":{"loc":{"start":{"line":1,"column":9878},"end":{"line":1,"column":9969}},"type":"if","locations":[{"start":{"line":1,"column":9878},"end":{"line":1,"column":9969}},{"start":{"line":1,"column":9878},"end":{"line":1,"column":9969}}],"line":1},"85":{"loc":{"start":{"line":1,"column":10577},"end":{"line":1,"column":10745}},"type":"if","locations":[{"start":{"line":1,"column":10577},"end":{"line":1,"column":10745}},{"start":{"line":1,"column":10577},"end":{"line":1,"column":10745}}],"line":1},"86":{"loc":{"start":{"line":1,"column":10636},"end":{"line":1,"column":10744}},"type":"if","locations":[{"start":{"line":1,"column":10636},"end":{"line":1,"column":10744}},{"start":{"line":1,"column":10636},"end":{"line":1,"column":10744}}],"line":1},"87":{"loc":{"start":{"line":1,"column":10753},"end":{"line":1,"column":10785}},"type":"binary-expr","locations":[{"start":{"line":1,"column":10753},"end":{"line":1,"column":10754}},{"start":{"line":1,"column":10758},"end":{"line":1,"column":10785}}],"line":1},"88":{"loc":{"start":{"line":1,"column":10900},"end":{"line":1,"column":11446}},"type":"switch","locations":[{"start":{"line":1,"column":10922},"end":{"line":1,"column":11126}},{"start":{"line":1,"column":11126},"end":{"line":1,"column":11133}},{"start":{"line":1,"column":11133},"end":{"line":1,"column":11445}}],"line":1},"89":{"loc":{"start":{"line":1,"column":10929},"end":{"line":1,"column":10963}},"type":"if","locations":[{"start":{"line":1,"column":10929},"end":{"line":1,"column":10963}},{"start":{"line":1,"column":10929},"end":{"line":1,"column":10963}}],"line":1},"90":{"loc":{"start":{"line":1,"column":10963},"end":{"line":1,"column":11120}},"type":"if","locations":[{"start":{"line":1,"column":10963},"end":{"line":1,"column":11120}},{"start":{"line":1,"column":10963},"end":{"line":1,"column":11120}}],"line":1},"91":{"loc":{"start":{"line":1,"column":10997},"end":{"line":1,"column":11048}},"type":"if","locations":[{"start":{"line":1,"column":10997},"end":{"line":1,"column":11048}},{"start":{"line":1,"column":10997},"end":{"line":1,"column":11048}}],"line":1},"92":{"loc":{"start":{"line":1,"column":11140},"end":{"line":1,"column":11439}},"type":"if","locations":[{"start":{"line":1,"column":11140},"end":{"line":1,"column":11439}},{"start":{"line":1,"column":11140},"end":{"line":1,"column":11439}}],"line":1},"93":{"loc":{"start":{"line":1,"column":11192},"end":{"line":1,"column":11438}},"type":"if","locations":[{"start":{"line":1,"column":11192},"end":{"line":1,"column":11438}},{"start":{"line":1,"column":11192},"end":{"line":1,"column":11438}}],"line":1},"94":{"loc":{"start":{"line":1,"column":11301},"end":{"line":1,"column":11389}},"type":"if","locations":[{"start":{"line":1,"column":11301},"end":{"line":1,"column":11389}},{"start":{"line":1,"column":11301},"end":{"line":1,"column":11389}}],"line":1},"95":{"loc":{"start":{"line":1,"column":11396},"end":{"line":1,"column":11437}},"type":"if","locations":[{"start":{"line":1,"column":11396},"end":{"line":1,"column":11437}},{"start":{"line":1,"column":11396},"end":{"line":1,"column":11437}}],"line":1},"96":{"loc":{"start":{"line":1,"column":11508},"end":{"line":1,"column":11526}},"type":"if","locations":[{"start":{"line":1,"column":11508},"end":{"line":1,"column":11526}},{"start":{"line":1,"column":11508},"end":{"line":1,"column":11526}}],"line":1},"97":{"loc":{"start":{"line":1,"column":11557},"end":{"line":1,"column":11586}},"type":"cond-expr","locations":[{"start":{"line":1,"column":11562},"end":{"line":1,"column":11581}},{"start":{"line":1,"column":11584},"end":{"line":1,"column":11586}}],"line":1},"98":{"loc":{"start":{"line":1,"column":11610},"end":{"line":1,"column":11754}},"type":"if","locations":[{"start":{"line":1,"column":11610},"end":{"line":1,"column":11754}},{"start":{"line":1,"column":11610},"end":{"line":1,"column":11754}}],"line":1},"99":{"loc":{"start":{"line":1,"column":11809},"end":{"line":1,"column":11850}},"type":"binary-expr","locations":[{"start":{"line":1,"column":11810},"end":{"line":1,"column":11828}},{"start":{"line":1,"column":11833},"end":{"line":1,"column":11850}}],"line":1},"100":{"loc":{"start":{"line":1,"column":11921},"end":{"line":1,"column":11975}},"type":"if","locations":[{"start":{"line":1,"column":11921},"end":{"line":1,"column":11975}},{"start":{"line":1,"column":11921},"end":{"line":1,"column":11975}}],"line":1},"101":{"loc":{"start":{"line":1,"column":12041},"end":{"line":1,"column":12069}},"type":"binary-expr","locations":[{"start":{"line":1,"column":12041},"end":{"line":1,"column":12064}},{"start":{"line":1,"column":12068},"end":{"line":1,"column":12069}}],"line":1},"102":{"loc":{"start":{"line":1,"column":12157},"end":{"line":1,"column":12221}},"type":"if","locations":[{"start":{"line":1,"column":12157},"end":{"line":1,"column":12221}},{"start":{"line":1,"column":12157},"end":{"line":1,"column":12221}}],"line":1},"103":{"loc":{"start":{"line":1,"column":12535},"end":{"line":1,"column":12614}},"type":"if","locations":[{"start":{"line":1,"column":12535},"end":{"line":1,"column":12614}},{"start":{"line":1,"column":12535},"end":{"line":1,"column":12614}}],"line":1},"104":{"loc":{"start":{"line":1,"column":12706},"end":{"line":1,"column":12735}},"type":"binary-expr","locations":[{"start":{"line":1,"column":12706},"end":{"line":1,"column":12716}},{"start":{"line":1,"column":12720},"end":{"line":1,"column":12735}}],"line":1},"105":{"loc":{"start":{"line":1,"column":12852},"end":{"line":1,"column":12868}},"type":"binary-expr","locations":[{"start":{"line":1,"column":12852},"end":{"line":1,"column":12862}},{"start":{"line":1,"column":12866},"end":{"line":1,"column":12868}}],"line":1},"106":{"loc":{"start":{"line":1,"column":12892},"end":{"line":1,"column":12906}},"type":"binary-expr","locations":[{"start":{"line":1,"column":12892},"end":{"line":1,"column":12900}},{"start":{"line":1,"column":12904},"end":{"line":1,"column":12906}}],"line":1},"107":{"loc":{"start":{"line":1,"column":12957},"end":{"line":1,"column":13316}},"type":"if","locations":[{"start":{"line":1,"column":12957},"end":{"line":1,"column":13316}},{"start":{"line":1,"column":12957},"end":{"line":1,"column":13316}}],"line":1},"108":{"loc":{"start":{"line":1,"column":12961},"end":{"line":1,"column":13006}},"type":"binary-expr","locations":[{"start":{"line":1,"column":12961},"end":{"line":1,"column":12978}},{"start":{"line":1,"column":12983},"end":{"line":1,"column":13005}}],"line":1},"109":{"loc":{"start":{"line":1,"column":13009},"end":{"line":1,"column":13043}},"type":"if","locations":[{"start":{"line":1,"column":13009},"end":{"line":1,"column":13043}},{"start":{"line":1,"column":13009},"end":{"line":1,"column":13043}}],"line":1},"110":{"loc":{"start":{"line":1,"column":13210},"end":{"line":1,"column":13315}},"type":"if","locations":[{"start":{"line":1,"column":13210},"end":{"line":1,"column":13315}},{"start":{"line":1,"column":13210},"end":{"line":1,"column":13315}}],"line":1},"111":{"loc":{"start":{"line":1,"column":13322},"end":{"line":1,"column":13344}},"type":"if","locations":[{"start":{"line":1,"column":13322},"end":{"line":1,"column":13344}},{"start":{"line":1,"column":13322},"end":{"line":1,"column":13344}}],"line":1},"112":{"loc":{"start":{"line":1,"column":13344},"end":{"line":1,"column":13366}},"type":"if","locations":[{"start":{"line":1,"column":13344},"end":{"line":1,"column":13366}},{"start":{"line":1,"column":13344},"end":{"line":1,"column":13366}}],"line":1},"113":{"loc":{"start":{"line":1,"column":13445},"end":{"line":1,"column":13567}},"type":"if","locations":[{"start":{"line":1,"column":13445},"end":{"line":1,"column":13567}},{"start":{"line":1,"column":13445},"end":{"line":1,"column":13567}}],"line":1},"114":{"loc":{"start":{"line":1,"column":13489},"end":{"line":1,"column":13566}},"type":"if","locations":[{"start":{"line":1,"column":13489},"end":{"line":1,"column":13566}},{"start":{"line":1,"column":13489},"end":{"line":1,"column":13566}}],"line":1},"115":{"loc":{"start":{"line":1,"column":13587},"end":{"line":1,"column":13678}},"type":"if","locations":[{"start":{"line":1,"column":13587},"end":{"line":1,"column":13678}},{"start":{"line":1,"column":13587},"end":{"line":1,"column":13678}}],"line":1},"116":{"loc":{"start":{"line":1,"column":13593},"end":{"line":1,"column":13617}},"type":"binary-expr","locations":[{"start":{"line":1,"column":13593},"end":{"line":1,"column":13594}},{"start":{"line":1,"column":13598},"end":{"line":1,"column":13617}}],"line":1},"117":{"loc":{"start":{"line":1,"column":13625},"end":{"line":1,"column":13676}},"type":"cond-expr","locations":[{"start":{"line":1,"column":13643},"end":{"line":1,"column":13659}},{"start":{"line":1,"column":13662},"end":{"line":1,"column":13676}}],"line":1},"118":{"loc":{"start":{"line":1,"column":15904},"end":{"line":1,"column":15971}},"type":"if","locations":[{"start":{"line":1,"column":15904},"end":{"line":1,"column":15971}},{"start":{"line":1,"column":15904},"end":{"line":1,"column":15971}}],"line":1},"119":{"loc":{"start":{"line":1,"column":15942},"end":{"line":1,"column":15968}},"type":"cond-expr","locations":[{"start":{"line":1,"column":15957},"end":{"line":1,"column":15964}},{"start":{"line":1,"column":15967},"end":{"line":1,"column":15968}}],"line":1},"120":{"loc":{"start":{"line":1,"column":15942},"end":{"line":1,"column":15954}},"type":"binary-expr","locations":[{"start":{"line":1,"column":15942},"end":{"line":1,"column":15943}},{"start":{"line":1,"column":15947},"end":{"line":1,"column":15954}}],"line":1},"121":{"loc":{"start":{"line":1,"column":16048},"end":{"line":1,"column":16065}},"type":"if","locations":[{"start":{"line":1,"column":16048},"end":{"line":1,"column":16065}},{"start":{"line":1,"column":16048},"end":{"line":1,"column":16065}}],"line":1},"122":{"loc":{"start":{"line":1,"column":16407},"end":{"line":1,"column":16471}},"type":"if","locations":[{"start":{"line":1,"column":16407},"end":{"line":1,"column":16471}},{"start":{"line":1,"column":16407},"end":{"line":1,"column":16471}}],"line":1},"123":{"loc":{"start":{"line":1,"column":16579},"end":{"line":1,"column":16639}},"type":"cond-expr","locations":[{"start":{"line":1,"column":16615},"end":{"line":1,"column":16628}},{"start":{"line":1,"column":16631},"end":{"line":1,"column":16639}}],"line":1},"124":{"loc":{"start":{"line":1,"column":16647},"end":{"line":1,"column":16675}},"type":"binary-expr","locations":[{"start":{"line":1,"column":16647},"end":{"line":1,"column":16659}},{"start":{"line":1,"column":16663},"end":{"line":1,"column":16675}}],"line":1},"125":{"loc":{"start":{"line":1,"column":16719},"end":{"line":1,"column":17318}},"type":"if","locations":[{"start":{"line":1,"column":16719},"end":{"line":1,"column":17318}},{"start":{"line":1,"column":16719},"end":{"line":1,"column":17318}}],"line":1},"126":{"loc":{"start":{"line":1,"column":16785},"end":{"line":1,"column":16865}},"type":"if","locations":[{"start":{"line":1,"column":16785},"end":{"line":1,"column":16865}},{"start":{"line":1,"column":16785},"end":{"line":1,"column":16865}}],"line":1},"127":{"loc":{"start":{"line":1,"column":16789},"end":{"line":1,"column":16833}},"type":"binary-expr","locations":[{"start":{"line":1,"column":16789},"end":{"line":1,"column":16792}},{"start":{"line":1,"column":16797},"end":{"line":1,"column":16807}},{"start":{"line":1,"column":16812},"end":{"line":1,"column":16833}}],"line":1},"128":{"loc":{"start":{"line":1,"column":16865},"end":{"line":1,"column":16886}},"type":"if","locations":[{"start":{"line":1,"column":16865},"end":{"line":1,"column":16886}},{"start":{"line":1,"column":16865},"end":{"line":1,"column":16886}}],"line":1},"129":{"loc":{"start":{"line":1,"column":16955},"end":{"line":1,"column":17110}},"type":"if","locations":[{"start":{"line":1,"column":16955},"end":{"line":1,"column":17110}},{"start":{"line":1,"column":16955},"end":{"line":1,"column":17110}}],"line":1},"130":{"loc":{"start":{"line":1,"column":16959},"end":{"line":1,"column":17090}},"type":"binary-expr","locations":[{"start":{"line":1,"column":16960},"end":{"line":1,"column":16980}},{"start":{"line":1,"column":16984},"end":{"line":1,"column":17005}},{"start":{"line":1,"column":17009},"end":{"line":1,"column":17029}},{"start":{"line":1,"column":17034},"end":{"line":1,"column":17046}},{"start":{"line":1,"column":17050},"end":{"line":1,"column":17090}}],"line":1},"131":{"loc":{"start":{"line":1,"column":17111},"end":{"line":1,"column":17317}},"type":"if","locations":[{"start":{"line":1,"column":17111},"end":{"line":1,"column":17317}},{"start":{"line":1,"column":17111},"end":{"line":1,"column":17317}}],"line":1},"132":{"loc":{"start":{"line":1,"column":17181},"end":{"line":1,"column":17231}},"type":"cond-expr","locations":[{"start":{"line":1,"column":17186},"end":{"line":1,"column":17223}},{"start":{"line":1,"column":17226},"end":{"line":1,"column":17231}}],"line":1},"133":{"loc":{"start":{"line":1,"column":17186},"end":{"line":1,"column":17223}},"type":"cond-expr","locations":[{"start":{"line":1,"column":17210},"end":{"line":1,"column":17216}},{"start":{"line":1,"column":17219},"end":{"line":1,"column":17223}}],"line":1},"134":{"loc":{"start":{"line":1,"column":17186},"end":{"line":1,"column":17207}},"type":"binary-expr","locations":[{"start":{"line":1,"column":17186},"end":{"line":1,"column":17191}},{"start":{"line":1,"column":17195},"end":{"line":1,"column":17207}}],"line":1},"135":{"loc":{"start":{"line":1,"column":17232},"end":{"line":1,"column":17252}},"type":"if","locations":[{"start":{"line":1,"column":17232},"end":{"line":1,"column":17252}},{"start":{"line":1,"column":17232},"end":{"line":1,"column":17252}}],"line":1},"136":{"loc":{"start":{"line":1,"column":17319},"end":{"line":1,"column":17381}},"type":"if","locations":[{"start":{"line":1,"column":17319},"end":{"line":1,"column":17381}},{"start":{"line":1,"column":17319},"end":{"line":1,"column":17381}}],"line":1},"137":{"loc":{"start":{"line":1,"column":17365},"end":{"line":1,"column":17380}},"type":"if","locations":[{"start":{"line":1,"column":17365},"end":{"line":1,"column":17380}},{"start":{"line":1,"column":17365},"end":{"line":1,"column":17380}}],"line":1}},"s":{"0":0,"1":0,"2":0,"3":0,"4":0,"5":0,"6":0,"7":0,"8":0,"9":0,"10":0,"11":0,"12":0,"13":0,"14":0,"15":0,"16":0,"17":0,"18":0,"19":0,"20":0,"21":0,"22":0,"23":0,"24":0,"25":0,"26":0,"27":0,"28":0,"29":0,"30":0,"31":0,"32":0,"33":0,"34":0,"35":0,"36":0,"37":0,"38":0,"39":0,"40":0,"41":0,"42":0,"43":0,"44":0,"45":0,"46":0,"47":0,"48":0,"49":0,"50":0,"51":0,"52":0,"53":0,"54":0,"55":0,"56":0,"57":0,"58":0,"59":0,"60":0,"61":0,"62":0,"63":0,"64":0,"65":0,"66":0,"67":0,"68":0,"69":0,"70":0,"71":0,"72":0,"73":0,"74":0,"75":0,"76":0,"77":0,"78":0,"79":0,"80":0,"81":0,"82":0,"83":0,"84":0,"85":0,"86":0,"87":0,"88":0,"89":0,"90":0,"91":0,"92":0,"93":0,"94":0,"95":0,"96":0,"97":0,"98":0,"99":0,"100":0,"101":0,"102":0,"103":0,"104":0,"105":0,"106":0,"107":0,"108":0,"109":0,"110":0,"111":0,"112":0,"113":0,"114":0,"115":0,"116":0,"117":0,"118":0,"119":0,"120":0,"121":0,"122":0,"123":0,"124":0,"125":0,"126":0,"127":0,"128":0,"129":0,"130":0,"131":0,"132":0,"133":0,"134":0,"135":0,"136":0,"137":0,"138":0,"139":0,"140":0,"141":0,"142":0,"143":0,"144":0,"145":0,"146":0,"147":0,"148":0,"149":0,"150":0,"151":0,"152":0,"153":0,"154":0,"155":0,"156":0,"157":0,"158":0,"159":0,"160":0,"161":0,"162":0,"163":0,"164":0,"165":0,"166":0,"167":0,"168":0,"169":0,"170":0,"171":0,"172":0,"173":0,"174":0,"175":0,"176":0,"177":0,"178":0,"179":0,"180":0,"181":0,"182":0,"183":0,"184":0,"185":0,"186":0,"187":0,"188":0,"189":0,"190":0,"191":0,"192":0,"193":0,"194":0,"195":0,"196":0,"197":0,"198":0,"199":0,"200":0,"201":0,"202":0,"203":0,"204":0,"205":0,"206":0,"207":0,"208":0,"209":0,"210":0,"211":0,"212":0,"213":0,"214":0,"215":0,"216":0,"217":0,"218":0,"219":0,"220":0,"221":0,"222":0,"223":0,"224":0,"225":0,"226":0,"227":0,"228":0,"229":0,"230":0,"231":0,"232":0,"233":0,"234":0,"235":0,"236":0,"237":0,"238":0,"239":0,"240":0,"241":0,"242":0,"243":0,"244":0,"245":0,"246":0,"247":0,"248":0,"249":0,"250":0,"251":0,"252":0,"253":0,"254":0,"255":0,"256":0,"257":0,"258":0,"259":0,"260":0,"261":0,"262":0,"263":0,"264":0,"265":0,"266":0,"267":0,"268":0,"269":0,"270":0,"271":0,"272":0,"273":0,"274":0,"275":0,"276":0,"277":0,"278":0,"279":0,"280":0,"281":0,"282":0,"283":0,"284":0,"285":0,"286":0,"287":0,"288":0,"289":0,"290":0,"291":0,"292":0,"293":0,"294":0,"295":0,"296":0,"297":0,"298":0,"299":0,"300":0,"301":0,"302":0,"303":0,"304":0,"305":0,"306":0,"307":0,"308":0,"309":0,"310":0,"311":0,"312":0,"313":0,"314":0,"315":0,"316":0,"317":0,"318":0,"319":0,"320":0,"321":0,"322":0,"323":0,"324":0,"325":0,"326":0,"327":0,"328":0,"329":0,"330":0,"331":0,"332":0,"333":0,"334":0,"335":0,"336":0,"337":0,"338":0,"339":0,"340":0,"341":0,"342":0,"343":0,"344":0,"345":0,"346":0,"347":0,"348":0,"349":0,"350":0,"351":0,"352":0,"353":0,"354":0,"355":0,"356":0,"357":0,"358":0,"359":0,"360":0,"361":0,"362":0,"363":0,"364":0,"365":0,"366":0,"367":0,"368":0,"369":0,"370":0,"371":0,"372":0,"373":0,"374":0,"375":0,"376":0,"377":0,"378":0,"379":0,"380":0,"381":0,"382":0,"383":0,"384":0,"385":0,"386":0,"387":0,"388":0,"389":0,"390":0,"391":0,"392":0,"393":0,"394":0,"395":0,"396":0,"397":0,"398":0,"399":0,"400":0,"401":0,"402":0,"403":0,"404":0,"405":0,"406":0,"407":0,"408":0,"409":0,"410":0,"411":0,"412":0,"413":0,"414":0,"415":0,"416":0,"417":0,"418":0,"419":0,"420":0,"421":0,"422":0,"423":0,"424":0,"425":0,"426":0,"427":0,"428":0,"429":0,"430":0,"431":0,"432":0,"433":0,"434":0,"435":0,"436":0,"437":0,"438":0,"439":0,"440":0,"441":0,"442":0,"443":0,"444":0,"445":0,"446":0,"447":0,"448":0,"449":0,"450":0,"451":0,"452":0,"453":0,"454":0,"455":0,"456":0,"457":0,"458":0,"459":0,"460":0,"461":0,"462":0,"463":0,"464":0,"465":0,"466":0,"467":0,"468":0,"469":0,"470":0,"471":0,"472":0,"473":0,"474":0,"475":0,"476":0,"477":0,"478":0,"479":0,"480":0,"481":0,"482":0,"483":0,"484":0,"485":0,"486":0,"487":0,"488":0,"489":0,"490":0,"491":0,"492":0,"493":0,"494":0,"495":0,"496":0,"497":0,"498":0,"499":0,"500":0,"501":0},"f":{"0":0,"1":0,"2":0,"3":0,"4":0,"5":0,"6":0,"7":0,"8":0,"9":0,"10":0,"11":0,"12":0,"13":0,"14":0,"15":0,"16":0,"17":0,"18":0,"19":0,"20":0,"21":0,"22":0,"23":0,"24":0,"25":0,"26":0,"27":0,"28":0},"b":{"0":[0,0],"1":[0,0],"2":[0,0],"3":[0,0],"4":[0,0],"5":[0,0],"6":[0,0],"7":[0,0],"8":[0,0],"9":[0,0],"10":[0,0],"11":[0,0,0,0],"12":[0,0],"13":[0,0],"14":[0,0],"15":[0,0],"16":[0,0],"17":[0,0],"18":[0,0],"19":[0,0],"20":[0,0],"21":[0,0],"22":[0,0],"23":[0,0],"24":[0,0],"25":[0,0],"26":[0,0],"27":[0,0],"28":[0,0],"29":[0,0],"30":[0,0],"31":[0,0],"32":[0,0],"33":[0,0],"34":[0,0],"35":[0,0],"36":[0,0],"37":[0,0],"38":[0,0],"39":[0,0],"40":[0,0],"41":[0,0],"42":[0,0],"43":[0,0],"44":[0,0],"45":[0,0],"46":[0,0],"47":[0,0],"48":[0,0],"49":[0,0,0],"50":[0,0],"51":[0,0],"52":[0,0],"53":[0,0],"54":[0,0],"55":[0,0],"56":[0,0],"57":[0,0],"58":[0,0],"59":[0,0],"60":[0,0],"61":[0,0],"62":[0,0],"63":[0,0],"64":[0,0],"65":[0,0],"66":[0,0],"67":[0,0],"68":[0,0],"69":[0,0],"70":[0,0],"71":[0,0],"72":[0,0],"73":[0,0],"74":[0,0],"75":[0,0],"76":[0,0],"77":[0,0],"78":[0,0],"79":[0,0],"80":[0,0],"81":[0,0],"82":[0,0],"83":[0,0],"84":[0,0],"85":[0,0],"86":[0,0],"87":[0,0],"88":[0,0,0],"89":[0,0],"90":[0,0],"91":[0,0],"92":[0,0],"93":[0,0],"94":[0,0],"95":[0,0],"96":[0,0],"97":[0,0],"98":[0,0],"99":[0,0],"100":[0,0],"101":[0,0],"102":[0,0],"103":[0,0],"104":[0,0],"105":[0,0],"106":[0,0],"107":[0,0],"108":[0,0],"109":[0,0],"110":[0,0],"111":[0,0],"112":[0,0],"113":[0,0],"114":[0,0],"115":[0,0],"116":[0,0],"117":[0,0],"118":[0,0],"119":[0,0],"120":[0,0],"121":[0,0],"122":[0,0],"123":[0,0],"124":[0,0],"125":[0,0],"126":[0,0],"127":[0,0,0],"128":[0,0],"129":[0,0],"130":[0,0,0,0,0],"131":[0,0],"132":[0,0],"133":[0,0],"134":[0,0],"135":[0,0],"136":[0,0],"137":[0,0]}}
,"/Users/karlmarxlopez/codes/react-native/react_native_ez_theme/coverage/lcov-report/sorter.js": {"path":"/Users/karlmarxlopez/codes/react-native/react_native_ez_theme/coverage/lcov-report/sorter.js","statementMap":{"0":{"start":{"line":1,"column":17},"end":{"line":156,"column":3}},"1":{"start":{"line":4,"column":16},"end":{"line":6,"column":17}},"2":{"start":{"line":10,"column":23},"end":{"line":10,"column":74}},"3":{"start":{"line":12,"column":29},"end":{"line":12,"column":73}},"4":{"start":{"line":14,"column":27},"end":{"line":14,"column":68}},"5":{"start":{"line":16,"column":28},"end":{"line":16,"column":78}},"6":{"start":{"line":20,"column":19},"end":{"line":20,"column":58}},"7":{"start":{"line":22,"column":11},"end":{"line":22,"column":13}},"8":{"start":{"line":26,"column":4},"end":{"line":38,"column":5}},"9":{"start":{"line":27,"column":6},"end":{"line":27,"column":28}},"10":{"start":{"line":28,"column":6},"end":{"line":31,"column":62}},"11":{"start":{"line":33,"column":6},"end":{"line":33,"column":21}},"12":{"start":{"line":34,"column":6},"end":{"line":37,"column":7}},"13":{"start":{"line":35,"column":8},"end":{"line":35,"column":52}},"14":{"start":{"line":36,"column":8},"end":{"line":36,"column":79}},"15":{"start":{"line":39,"column":4},"end":{"line":39,"column":16}},"16":{"start":{"line":44,"column":20},"end":{"line":44,"column":51}},"17":{"start":{"line":47,"column":11},"end":{"line":47,"column":13}},"18":{"start":{"line":50,"column":4},"end":{"line":58,"column":5}},"19":{"start":{"line":51,"column":6},"end":{"line":51,"column":29}},"20":{"start":{"line":52,"column":6},"end":{"line":52,"column":20}},"21":{"start":{"line":53,"column":6},"end":{"line":53,"column":47}},"22":{"start":{"line":54,"column":6},"end":{"line":56,"column":7}},"23":{"start":{"line":55,"column":8},"end":{"line":55,"column":26}},"24":{"start":{"line":57,"column":6},"end":{"line":57,"column":26}},"25":{"start":{"line":59,"column":4},"end":{"line":59,"column":16}},"26":{"start":{"line":63,"column":15},"end":{"line":63,"column":52}},"27":{"start":{"line":66,"column":4},"end":{"line":68,"column":5}},"28":{"start":{"line":67,"column":6},"end":{"line":67,"column":42}},"29":{"start":{"line":72,"column":14},"end":{"line":72,"column":29}},"30":{"start":{"line":73,"column":13},"end":{"line":77,"column":5}},"31":{"start":{"line":74,"column":6},"end":{"line":74,"column":22}},"32":{"start":{"line":75,"column":6},"end":{"line":75,"column":22}},"33":{"start":{"line":76,"column":6},"end":{"line":76,"column":40}},"34":{"start":{"line":78,"column":18},"end":{"line":78,"column":24}},"35":{"start":{"line":79,"column":16},"end":{"line":79,"column":65}},"36":{"start":{"line":80,"column":15},"end":{"line":80,"column":47}},"37":{"start":{"line":81,"column":11},"end":{"line":81,"column":13}},"38":{"start":{"line":84,"column":4},"end":{"line":88,"column":5}},"39":{"start":{"line":85,"column":6},"end":{"line":87,"column":8}},"40":{"start":{"line":86,"column":8},"end":{"line":86,"column":33}},"41":{"start":{"line":90,"column":4},"end":{"line":93,"column":5}},"42":{"start":{"line":91,"column":6},"end":{"line":91,"column":29}},"43":{"start":{"line":92,"column":6},"end":{"line":92,"column":41}},"44":{"start":{"line":95,"column":4},"end":{"line":95,"column":27}},"45":{"start":{"line":97,"column":4},"end":{"line":99,"column":5}},"46":{"start":{"line":98,"column":6},"end":{"line":98,"column":37}},"47":{"start":{"line":103,"column":14},"end":{"line":103,"column":45}},"48":{"start":{"line":104,"column":10},"end":{"line":104,"column":23}},"49":{"start":{"line":106,"column":4},"end":{"line":106,"column":67}},"50":{"start":{"line":107,"column":4},"end":{"line":107,"column":24}},"51":{"start":{"line":111,"column":4},"end":{"line":111,"column":95}},"52":{"start":{"line":117,"column":16},"end":{"line":132,"column":5}},"53":{"start":{"line":118,"column":16},"end":{"line":118,"column":23}},"54":{"start":{"line":120,"column":6},"end":{"line":131,"column":8}},"55":{"start":{"line":121,"column":19},"end":{"line":121,"column":38}},"56":{"start":{"line":123,"column":8},"end":{"line":125,"column":9}},"57":{"start":{"line":124,"column":10},"end":{"line":124,"column":35}},"58":{"start":{"line":126,"column":8},"end":{"line":126,"column":29}},"59":{"start":{"line":127,"column":8},"end":{"line":127,"column":31}},"60":{"start":{"line":128,"column":8},"end":{"line":128,"column":30}},"61":{"start":{"line":129,"column":8},"end":{"line":129,"column":32}},"62":{"start":{"line":130,"column":8},"end":{"line":130,"column":28}},"63":{"start":{"line":133,"column":4},"end":{"line":144,"column":5}},"64":{"start":{"line":134,"column":6},"end":{"line":143,"column":7}},"65":{"start":{"line":137,"column":8},"end":{"line":137,"column":68}},"66":{"start":{"line":138,"column":8},"end":{"line":142,"column":9}},"67":{"start":{"line":139,"column":10},"end":{"line":139,"column":53}},"68":{"start":{"line":141,"column":10},"end":{"line":141,"column":50}},"69":{"start":{"line":147,"column":2},"end":{"line":155,"column":4}},"70":{"start":{"line":148,"column":4},"end":{"line":150,"column":5}},"71":{"start":{"line":149,"column":6},"end":{"line":149,"column":13}},"72":{"start":{"line":151,"column":4},"end":{"line":151,"column":25}},"73":{"start":{"line":152,"column":4},"end":{"line":152,"column":19}},"74":{"start":{"line":153,"column":4},"end":{"line":153,"column":24}},"75":{"start":{"line":154,"column":4},"end":{"line":154,"column":15}},"76":{"start":{"line":158,"column":0},"end":{"line":158,"column":44}}},"fnMap":{"0":{"name":"(anonymous_0)","decl":{"start":{"line":1,"column":17},"end":{"line":1,"column":18}},"loc":{"start":{"line":1,"column":29},"end":{"line":156,"column":1}},"line":1},"1":{"name":"getTable","decl":{"start":{"line":10,"column":11},"end":{"line":10,"column":19}},"loc":{"start":{"line":10,"column":22},"end":{"line":10,"column":75}},"line":10},"2":{"name":"getTableHeader","decl":{"start":{"line":12,"column":11},"end":{"line":12,"column":25}},"loc":{"start":{"line":12,"column":28},"end":{"line":12,"column":74}},"line":12},"3":{"name":"getTableBody","decl":{"start":{"line":14,"column":11},"end":{"line":14,"column":23}},"loc":{"start":{"line":14,"column":26},"end":{"line":14,"column":69}},"line":14},"4":{"name":"getNthColumn","decl":{"start":{"line":16,"column":11},"end":{"line":16,"column":23}},"loc":{"start":{"line":16,"column":27},"end":{"line":16,"column":79}},"line":16},"5":{"name":"loadColumns","decl":{"start":{"line":19,"column":11},"end":{"line":19,"column":22}},"loc":{"start":{"line":19,"column":25},"end":{"line":40,"column":3}},"line":19},"6":{"name":"loadRowData","decl":{"start":{"line":43,"column":11},"end":{"line":43,"column":22}},"loc":{"start":{"line":43,"column":33},"end":{"line":60,"column":3}},"line":43},"7":{"name":"loadData","decl":{"start":{"line":62,"column":11},"end":{"line":62,"column":19}},"loc":{"start":{"line":62,"column":22},"end":{"line":69,"column":3}},"line":62},"8":{"name":"sortByIndex","decl":{"start":{"line":71,"column":11},"end":{"line":71,"column":22}},"loc":{"start":{"line":71,"column":36},"end":{"line":100,"column":3}},"line":71},"9":{"name":"sorter","decl":{"start":{"line":73,"column":22},"end":{"line":73,"column":28}},"loc":{"start":{"line":73,"column":35},"end":{"line":77,"column":5}},"line":73},"10":{"name":"finalSorter","decl":{"start":{"line":85,"column":29},"end":{"line":85,"column":40}},"loc":{"start":{"line":85,"column":47},"end":{"line":87,"column":7}},"line":85},"11":{"name":"removeSortIndicators","decl":{"start":{"line":102,"column":11},"end":{"line":102,"column":31}},"loc":{"start":{"line":102,"column":34},"end":{"line":108,"column":3}},"line":102},"12":{"name":"addSortIndicators","decl":{"start":{"line":110,"column":11},"end":{"line":110,"column":28}},"loc":{"start":{"line":110,"column":31},"end":{"line":112,"column":3}},"line":110},"13":{"name":"enableUI","decl":{"start":{"line":114,"column":11},"end":{"line":114,"column":19}},"loc":{"start":{"line":114,"column":22},"end":{"line":145,"column":3}},"line":114},"14":{"name":"ithSorter","decl":{"start":{"line":117,"column":25},"end":{"line":117,"column":34}},"loc":{"start":{"line":117,"column":38},"end":{"line":132,"column":5}},"line":117},"15":{"name":"(anonymous_15)","decl":{"start":{"line":120,"column":13},"end":{"line":120,"column":14}},"loc":{"start":{"line":120,"column":25},"end":{"line":131,"column":7}},"line":120},"16":{"name":"(anonymous_16)","decl":{"start":{"line":147,"column":9},"end":{"line":147,"column":10}},"loc":{"start":{"line":147,"column":21},"end":{"line":155,"column":3}},"line":147}},"branchMap":{"0":{"loc":{"start":{"line":31,"column":14},"end":{"line":31,"column":59}},"type":"binary-expr","locations":[{"start":{"line":31,"column":14},"end":{"line":31,"column":47}},{"start":{"line":31,"column":51},"end":{"line":31,"column":59}}],"line":31},"1":{"loc":{"start":{"line":34,"column":6},"end":{"line":37,"column":7}},"type":"if","locations":[{"start":{"line":34,"column":6},"end":{"line":37,"column":7}},{"start":{"line":34,"column":6},"end":{"line":37,"column":7}}],"line":34},"2":{"loc":{"start":{"line":54,"column":6},"end":{"line":56,"column":7}},"type":"if","locations":[{"start":{"line":54,"column":6},"end":{"line":56,"column":7}},{"start":{"line":54,"column":6},"end":{"line":56,"column":7}}],"line":54},"3":{"loc":{"start":{"line":76,"column":13},"end":{"line":76,"column":39}},"type":"cond-expr","locations":[{"start":{"line":76,"column":21},"end":{"line":76,"column":23}},{"start":{"line":76,"column":26},"end":{"line":76,"column":39}}],"line":76},"4":{"loc":{"start":{"line":76,"column":26},"end":{"line":76,"column":39}},"type":"cond-expr","locations":[{"start":{"line":76,"column":34},"end":{"line":76,"column":35}},{"start":{"line":76,"column":38},"end":{"line":76,"column":39}}],"line":76},"5":{"loc":{"start":{"line":84,"column":4},"end":{"line":88,"column":5}},"type":"if","locations":[{"start":{"line":84,"column":4},"end":{"line":88,"column":5}},{"start":{"line":84,"column":4},"end":{"line":88,"column":5}}],"line":84},"6":{"loc":{"start":{"line":111,"column":49},"end":{"line":111,"column":94}},"type":"cond-expr","locations":[{"start":{"line":111,"column":68},"end":{"line":111,"column":82}},{"start":{"line":111,"column":85},"end":{"line":111,"column":94}}],"line":111},"7":{"loc":{"start":{"line":123,"column":8},"end":{"line":125,"column":9}},"type":"if","locations":[{"start":{"line":123,"column":8},"end":{"line":125,"column":9}},{"start":{"line":123,"column":8},"end":{"line":125,"column":9}}],"line":123},"8":{"loc":{"start":{"line":134,"column":6},"end":{"line":143,"column":7}},"type":"if","locations":[{"start":{"line":134,"column":6},"end":{"line":143,"column":7}},{"start":{"line":134,"column":6},"end":{"line":143,"column":7}}],"line":134},"9":{"loc":{"start":{"line":138,"column":8},"end":{"line":142,"column":9}},"type":"if","locations":[{"start":{"line":138,"column":8},"end":{"line":142,"column":9}},{"start":{"line":138,"column":8},"end":{"line":142,"column":9}}],"line":138},"10":{"loc":{"start":{"line":148,"column":4},"end":{"line":150,"column":5}},"type":"if","locations":[{"start":{"line":148,"column":4},"end":{"line":150,"column":5}},{"start":{"line":148,"column":4},"end":{"line":150,"column":5}}],"line":148}},"s":{"0":0,"1":0,"2":0,"3":0,"4":0,"5":0,"6":0,"7":0,"8":0,"9":0,"10":0,"11":0,"12":0,"13":0,"14":0,"15":0,"16":0,"17":0,"18":0,"19":0,"20":0,"21":0,"22":0,"23":0,"24":0,"25":0,"26":0,"27":0,"28":0,"29":0,"30":0,"31":0,"32":0,"33":0,"34":0,"35":0,"36":0,"37":0,"38":0,"39":0,"40":0,"41":0,"42":0,"43":0,"44":0,"45":0,"46":0,"47":0,"48":0,"49":0,"50":0,"51":0,"52":0,"53":0,"54":0,"55":0,"56":0,"57":0,"58":0,"59":0,"60":0,"61":0,"62":0,"63":0,"64":0,"65":0,"66":0,"67":0,"68":0,"69":0,"70":0,"71":0,"72":0,"73":0,"74":0,"75":0,"76":0},"f":{"0":0,"1":0,"2":0,"3":0,"4":0,"5":0,"6":0,"7":0,"8":0,"9":0,"10":0,"11":0,"12":0,"13":0,"14":0,"15":0,"16":0},"b":{"0":[0,0],"1":[0,0],"2":[0,0],"3":[0,0],"4":[0,0],"5":[0,0],"6":[0,0],"7":[0,0],"8":[0,0],"9":[0,0],"10":[0,0]}}
,"/Users/karlmarxlopez/codes/react-native/react_native_ez_theme/flow-typed/npm/babel-jest_vx.x.x.js": {"path":"/Users/karlmarxlopez/codes/react-native/react_native_ez_theme/flow-typed/npm/babel-jest_vx.x.x.js","statementMap":{},"fnMap":{},"branchMap":{},"s":{},"f":{},"b":{}}
,"/Users/karlmarxlopez/codes/react-native/react_native_ez_theme/flow-typed/npm/flow-bin_v0.x.x.js": {"path":"/Users/karlmarxlopez/codes/react-native/react_native_ez_theme/flow-typed/npm/flow-bin_v0.x.x.js","statementMap":{},"fnMap":{},"branchMap":{},"s":{},"f":{},"b":{}}
,"/Users/karlmarxlopez/codes/react-native/react_native_ez_theme/flow-typed/npm/jest_v23.x.x.js": {"path":"/Users/karlmarxlopez/codes/react-native/react_native_ez_theme/flow-typed/npm/jest_v23.x.x.js","statementMap":{},"fnMap":{},"branchMap":{},"s":{},"f":{},"b":{}}
,"/Users/karlmarxlopez/codes/react-native/react_native_ez_theme/flow-typed/npm/react-test-renderer_v16.x.x.js": {"path":"/Users/karlmarxlopez/codes/react-native/react_native_ez_theme/flow-typed/npm/react-test-renderer_v16.x.x.js","statementMap":{},"fnMap":{},"branchMap":{},"s":{},"f":{},"b":{}}
,"/Users/karlmarxlopez/codes/react-native/react_native_ez_theme/src/Factory/Factory.js": {"path":"/Users/karlmarxlopez/codes/react-native/react_native_ez_theme/src/Factory/Factory.js","statementMap":{"0":{"start":{"line":1,"column":13},"end":{"line":1,"column":75}},"1":{"start":{"line":1,"column":75},"end":{"line":1,"column":100}},"2":{"start":{"line":2,"column":12},"end":{"line":2,"column":65}},"3":{"start":{"line":2,"column":85},"end":{"line":2,"column":171}},"4":{"start":{"line":10,"column":2},"end":{"line":10,"column":34}},"5":{"start":{"line":10,"column":46},"end":{"line":10,"column":75}},"6":{"start":{"line":10,"column":87},"end":{"line":10,"column":116}},"7":{"start":{"line":12,"column":22},"end":{"line":27,"column":3}},"8":{"start":{"line":18,"column":15},"end":{"line":18,"column":25}},"9":{"start":{"line":18,"column":37},"end":{"line":18,"column":50}},"10":{"start":{"line":19,"column":20},"end":{"line":19,"column":36}},"11":{"start":{"line":22,"column":4},"end":{"line":24,"column":43}},"12":{"start":{"line":26,"column":4},"end":{"line":26,"column":131}},"13":{"start":{"line":29,"column":2},"end":{"line":31,"column":32}},"14":{"start":{"line":35,"column":0},"end":{"line":35,"column":7}},"15":{"start":{"line":35,"column":8},"end":{"line":35,"column":35}}},"fnMap":{"0":{"name":"Factory","decl":{"start":{"line":4,"column":9},"end":{"line":4,"column":16}},"loc":{"start":{"line":9,"column":0},"end":{"line":33,"column":1}},"line":9},"1":{"name":"ThemeProvider","decl":{"start":{"line":12,"column":31},"end":{"line":12,"column":44}},"loc":{"start":{"line":18,"column":2},"end":{"line":27,"column":3}},"line":18}},"branchMap":{"0":{"loc":{"start":{"line":22,"column":4},"end":{"line":24,"column":43}},"type":"cond-expr","locations":[{"start":{"line":23,"column":4},"end":{"line":23,"column":35}},{"start":{"line":24,"column":4},"end":{"line":24,"column":43}}],"line":22}},"s":{"0":1,"1":1,"2":1,"3":1,"4":2,"5":2,"6":2,"7":2,"8":2,"9":2,"10":2,"11":2,"12":2,"13":2,"14":1,"15":1},"f":{"0":2,"1":2},"b":{"0":[1,1]},"_coverageSchema":"332fd63041d2c1bcb487cc26dd0d5f7d97098a6c","hash":"3c6d526cb521a642133464e83ab9895dc2487fe8"}
}
